#
# There is insufficient memory for the Java Runtime Environment to continue.
# Native memory allocation (mmap) failed to map 94371840 bytes. Error detail: G1 virtual space
# Possible reasons:
#   The system is out of physical RAM or swap space
#   This process is running with CompressedOops enabled, and the Java Heap may be blocking the growth of the native heap
# Possible solutions:
#   Reduce memory load on the system
#   Increase physical memory or swap space
#   Check if swap backing store is full
#   Decrease Java heap size (-Xmx/-Xms)
#   Decrease number of Java threads
#   Decrease Java thread stack sizes (-Xss)
#   Set larger code cache with -XX:ReservedCodeCacheSize=
#   JVM is running with Unscaled Compressed Oops mode in which the Java heap is
#     placed in the first 4GB address space. The Java Heap base address is the
#     maximum limit for the native heap growth. Please use -XX:HeapBaseMinAddress
#     to set the Java Heap base and to place the Java Heap above 4GB virtual address.
# This output file may be truncated or incomplete.
#
#  Out of Memory Error (os_windows.cpp:3825), pid=9112, tid=14732
#
# JRE version: OpenJDK Runtime Environment (17.0.11) (build 17.0.11+0--11852314)
# Java VM: OpenJDK 64-Bit Server VM (17.0.11+0--11852314, mixed mode, tiered, compressed oops, compressed class ptrs, g1 gc, windows-amd64)
# No core dump will be written. Minidumps are not enabled by default on client versions of Windows
#

---------------  S U M M A R Y ------------

Command Line: --add-opens=java.base/java.util=ALL-UNNAMED --add-opens=java.base/java.lang=ALL-UNNAMED --add-opens=java.base/java.lang.invoke=ALL-UNNAMED --add-opens=java.prefs/java.util.prefs=ALL-UNNAMED --add-opens=java.base/java.nio.charset=ALL-UNNAMED --add-opens=java.base/java.net=ALL-UNNAMED --add-opens=java.base/java.util.concurrent.atomic=ALL-UNNAMED -Xmx2048m -Dfile.encoding=UTF-8 -Duser.country=US -Duser.language=en -Duser.variant -javaagent:C:\Users\Thang\.gradle\wrapper\dists\gradle-8.7-bin\bhs2wmbdwecv87pi65oeuq5iu\gradle-8.7\lib\agents\gradle-instrumentation-agent-8.7.jar org.gradle.launcher.daemon.bootstrap.GradleDaemon 8.7

Host: Intel(R) Core(TM) i3-8145U CPU @ 2.10GHz, 4 cores, 7G,  Windows 10 , 64 bit Build 17763 (10.0.17763.6292)
Time: Sun Oct  6 16:13:26 2024 SE Asia Standard Time elapsed time: 8.072497 seconds (0d 0h 0m 8s)

---------------  T H R E A D  ---------------

Current thread (0x0000021be5698010):  VMThread "VM Thread" [stack: 0x0000007222700000,0x0000007222800000] [id=14732]

Stack: [0x0000007222700000,0x0000007222800000]
Native frames: (J=compiled Java code, j=interpreted, Vv=VM code, C=native code)
V  [jvm.dll+0x687bb9]
V  [jvm.dll+0x84142a]
V  [jvm.dll+0x8430ae]
V  [jvm.dll+0x843713]
V  [jvm.dll+0x24a35f]
V  [jvm.dll+0x684989]
V  [jvm.dll+0x67923a]
V  [jvm.dll+0x30af0b]
V  [jvm.dll+0x3123b6]
V  [jvm.dll+0x361dfe]
V  [jvm.dll+0x36202f]
V  [jvm.dll+0x2e0d38]
V  [jvm.dll+0x2df144]
V  [jvm.dll+0x2de74c]
V  [jvm.dll+0x32305b]
V  [jvm.dll+0x847e0b]
V  [jvm.dll+0x848b42]
V  [jvm.dll+0x84905d]
V  [jvm.dll+0x849434]
V  [jvm.dll+0x849500]
V  [jvm.dll+0x7efa4a]
V  [jvm.dll+0x686a35]
C  [ucrtbase.dll+0x2268a]
C  [KERNEL32.DLL+0x17ac4]
C  [ntdll.dll+0x5a8c1]

VM_Operation (0x0000007223ef0e40): G1CollectForAllocation, mode: safepoint, requested by thread 0x0000021bebbbac40


---------------  P R O C E S S  ---------------

Threads class SMR info:
_java_thread_list=0x0000021bec6010a0, length=46, elements={
0x0000021bca11cb20, 0x0000021be567e5e0, 0x0000021be5680380, 0x0000021be56a7fc0,
0x0000021be56a8990, 0x0000021be5801f20, 0x0000021be5804fa0, 0x0000021be580a590,
0x0000021be580bb00, 0x0000021be581abf0, 0x0000021be58eb800, 0x0000021be5ad7180,
0x0000021bea06d9d0, 0x0000021beba0f440, 0x0000021beb8277f0, 0x0000021beb6b4e80,
0x0000021bead5c6c0, 0x0000021beb12a080, 0x0000021bebeff5d0, 0x0000021bebbbac40,
0x0000021bebb524a0, 0x0000021bebb52ec0, 0x0000021bebb533d0, 0x0000021bebb529b0,
0x0000021bebb538e0, 0x0000021bebb53df0, 0x0000021bebb54300, 0x0000021bebb51060,
0x0000021bebb54810, 0x0000021bebb51f90, 0x0000021bebb51570, 0x0000021bed1c1ec0,
0x0000021bed1c19b0, 0x0000021bed1c65a0, 0x0000021bed1c0f90, 0x0000021bed1c28e0,
0x0000021bed1c0060, 0x0000021bed1c3300, 0x0000021bed1c3810, 0x0000021bed1c6ab0,
0x0000021bed1c4740, 0x0000021bed1c2df0, 0x0000021bed1c5670, 0x0000021bed1c0a80,
0x0000021bed1c4230, 0x0000021bed1c3d20
}

Java Threads: ( => current thread )
  0x0000021bca11cb20 JavaThread "main" [_thread_blocked, id=9188, stack(0x0000007222100000,0x0000007222200000)]
  0x0000021be567e5e0 JavaThread "Reference Handler" daemon [_thread_blocked, id=676, stack(0x0000007222800000,0x0000007222900000)]
  0x0000021be5680380 JavaThread "Finalizer" daemon [_thread_blocked, id=16780, stack(0x0000007222900000,0x0000007222a00000)]
  0x0000021be56a7fc0 JavaThread "Signal Dispatcher" daemon [_thread_blocked, id=10352, stack(0x0000007222a00000,0x0000007222b00000)]
  0x0000021be56a8990 JavaThread "Attach Listener" daemon [_thread_blocked, id=13156, stack(0x0000007222b00000,0x0000007222c00000)]
  0x0000021be5801f20 JavaThread "Service Thread" daemon [_thread_blocked, id=3188, stack(0x0000007222c00000,0x0000007222d00000)]
  0x0000021be5804fa0 JavaThread "Monitor Deflation Thread" daemon [_thread_blocked, id=1072, stack(0x0000007222d00000,0x0000007222e00000)]
  0x0000021be580a590 JavaThread "C2 CompilerThread0" daemon [_thread_blocked, id=1556, stack(0x0000007222e00000,0x0000007222f00000)]
  0x0000021be580bb00 JavaThread "C1 CompilerThread0" daemon [_thread_blocked, id=6772, stack(0x0000007222f00000,0x0000007223000000)]
  0x0000021be581abf0 JavaThread "Sweeper thread" daemon [_thread_blocked, id=15960, stack(0x0000007223000000,0x0000007223100000)]
  0x0000021be58eb800 JavaThread "Common-Cleaner" daemon [_thread_blocked, id=7876, stack(0x0000007223100000,0x0000007223200000)]
  0x0000021be5ad7180 JavaThread "Notification Thread" daemon [_thread_blocked, id=6856, stack(0x0000007223200000,0x0000007223300000)]
  0x0000021bea06d9d0 JavaThread "C2 CompilerThread1" daemon [_thread_blocked, id=2160, stack(0x0000007223400000,0x0000007223500000)]
  0x0000021beba0f440 JavaThread "Daemon health stats" [_thread_blocked, id=14116, stack(0x0000007223800000,0x0000007223900000)]
  0x0000021beb8277f0 JavaThread "Incoming local TCP Connector on port 53801" [_thread_in_native, id=12708, stack(0x0000007223900000,0x0000007223a00000)]
  0x0000021beb6b4e80 JavaThread "Daemon periodic checks" [_thread_blocked, id=3400, stack(0x0000007223a00000,0x0000007223b00000)]
  0x0000021bead5c6c0 JavaThread "Daemon" [_thread_blocked, id=16056, stack(0x0000007223b00000,0x0000007223c00000)]
  0x0000021beb12a080 JavaThread "Handler for socket connection from /127.0.0.1:53801 to /127.0.0.1:53802" [_thread_in_native, id=16576, stack(0x0000007223c00000,0x0000007223d00000)]
  0x0000021bebeff5d0 JavaThread "Cancel handler" [_thread_blocked, id=13668, stack(0x0000007223d00000,0x0000007223e00000)]
  0x0000021bebbbac40 JavaThread "Daemon worker" [_thread_blocked, id=17380, stack(0x0000007223e00000,0x0000007223f00000)]
  0x0000021bebb524a0 JavaThread "Asynchronous log dispatcher for DefaultDaemonConnection: socket connection from /127.0.0.1:53801 to /127.0.0.1:53802" [_thread_blocked, id=10640, stack(0x0000007223f00000,0x0000007224000000)]
  0x0000021bebb52ec0 JavaThread "Stdin handler" [_thread_blocked, id=2828, stack(0x0000007224000000,0x0000007224100000)]
  0x0000021bebb533d0 JavaThread "Daemon client event forwarder" [_thread_blocked, id=3180, stack(0x0000007224100000,0x0000007224200000)]
  0x0000021bebb529b0 JavaThread "Cache worker for journal cache (C:\Users\Thang\.gradle\caches\journal-1)" [_thread_blocked, id=3012, stack(0x0000007224200000,0x0000007224300000)]
  0x0000021bebb538e0 JavaThread "File lock request listener" [_thread_in_native, id=4360, stack(0x0000007224300000,0x0000007224400000)]
  0x0000021bebb53df0 JavaThread "Cache worker for file hash cache (C:\Users\Thang\.gradle\caches\8.7\fileHashes)" [_thread_blocked, id=13608, stack(0x0000007224400000,0x0000007224500000)]
  0x0000021bebb54300 JavaThread "Cache worker for file hash cache (C:\Users\Thang\Desktop\KOTLIN_APP\.gradle\8.7\fileHashes)" [_thread_blocked, id=14380, stack(0x0000007224500000,0x0000007224600000)]
  0x0000021bebb51060 JavaThread "File watcher server" daemon [_thread_blocked, id=9632, stack(0x0000007224600000,0x0000007224700000)]
  0x0000021bebb54810 JavaThread "File watcher consumer" daemon [_thread_blocked, id=3952, stack(0x0000007224700000,0x0000007224800000)]
  0x0000021bebb51f90 JavaThread "Cache worker for checksums cache (C:\Users\Thang\Desktop\KOTLIN_APP\.gradle\8.7\checksums)" [_thread_blocked, id=15196, stack(0x0000007224800000,0x0000007224900000)]
  0x0000021bebb51570 JavaThread "Cache worker for cache directory md-supplier (C:\Users\Thang\.gradle\caches\8.7\md-supplier)" [_thread_blocked, id=3316, stack(0x0000007224900000,0x0000007224a00000)]
  0x0000021bed1c1ec0 JavaThread "Cache worker for cache directory md-rule (C:\Users\Thang\.gradle\caches\8.7\md-rule)" [_thread_blocked, id=6564, stack(0x0000007224a00000,0x0000007224b00000)]
  0x0000021bed1c19b0 JavaThread "Cache worker for file content cache (C:\Users\Thang\.gradle\caches\8.7\fileContent)" [_thread_blocked, id=13696, stack(0x0000007224b00000,0x0000007224c00000)]
  0x0000021bed1c65a0 JavaThread "Cache worker for Build Output Cleanup Cache (C:\Users\Thang\Desktop\KOTLIN_APP\.gradle\buildOutputCleanup)" [_thread_blocked, id=14320, stack(0x0000007224c00000,0x0000007224d00000)]
  0x0000021bed1c0f90 JavaThread "Unconstrained build operations" [_thread_blocked, id=2084, stack(0x0000007224d00000,0x0000007224e00000)]
  0x0000021bed1c28e0 JavaThread "Unconstrained build operations Thread 2" [_thread_blocked, id=16872, stack(0x0000007224e00000,0x0000007224f00000)]
  0x0000021bed1c0060 JavaThread "Unconstrained build operations Thread 3" [_thread_blocked, id=3940, stack(0x0000007224f00000,0x0000007225000000)]
  0x0000021bed1c3300 JavaThread "Unconstrained build operations Thread 4" [_thread_blocked, id=4484, stack(0x0000007225000000,0x0000007225100000)]
  0x0000021bed1c3810 JavaThread "Unconstrained build operations Thread 5" [_thread_blocked, id=16644, stack(0x0000007225100000,0x0000007225200000)]
  0x0000021bed1c6ab0 JavaThread "Unconstrained build operations Thread 6" [_thread_blocked, id=16372, stack(0x0000007225200000,0x0000007225300000)]
  0x0000021bed1c4740 JavaThread "Unconstrained build operations Thread 7" [_thread_blocked, id=3972, stack(0x0000007225300000,0x0000007225400000)]
  0x0000021bed1c2df0 JavaThread "Unconstrained build operations Thread 8" [_thread_blocked, id=4448, stack(0x0000007225400000,0x0000007225500000)]
  0x0000021bed1c5670 JavaThread "Unconstrained build operations Thread 9" [_thread_blocked, id=17348, stack(0x0000007225500000,0x0000007225600000)]
  0x0000021bed1c0a80 JavaThread "Unconstrained build operations Thread 10" [_thread_blocked, id=3804, stack(0x0000007225600000,0x0000007225700000)]
  0x0000021bed1c4230 JavaThread "Unconstrained build operations Thread 11" [_thread_blocked, id=7728, stack(0x0000007225700000,0x0000007225800000)]
  0x0000021bed1c3d20 JavaThread "Unconstrained build operations Thread 12" [_thread_blocked, id=4108, stack(0x0000007225800000,0x0000007225900000)]

Other Threads:
=>0x0000021be5698010 VMThread "VM Thread" [stack: 0x0000007222700000,0x0000007222800000] [id=14732]
  0x0000021be5a69e20 WatcherThread [stack: 0x0000007223300000,0x0000007223400000] [id=17180]
  0x0000021bca175890 GCTaskThread "GC Thread#0" [stack: 0x0000007222200000,0x0000007222300000] [id=12936]
  0x0000021bea2a2770 GCTaskThread "GC Thread#1" [stack: 0x0000007223500000,0x0000007223600000] [id=6584]
  0x0000021bea2bd1d0 GCTaskThread "GC Thread#2" [stack: 0x0000007223600000,0x0000007223700000] [id=6816]
  0x0000021bea84dd70 GCTaskThread "GC Thread#3" [stack: 0x0000007223700000,0x0000007223800000] [id=7924]
  0x0000021bca1866f0 ConcurrentGCThread "G1 Main Marker" [stack: 0x0000007222300000,0x0000007222400000] [id=6084]
  0x0000021bca187be0 ConcurrentGCThread "G1 Conc#0" [stack: 0x0000007222400000,0x0000007222500000] [id=16840]
  0x0000021bca1cd6a0 ConcurrentGCThread "G1 Refine#0" [stack: 0x0000007222500000,0x0000007222600000] [id=5860]
  0x0000021bca1cdfe0 ConcurrentGCThread "G1 Service" [stack: 0x0000007222600000,0x0000007222700000] [id=15936]

Threads with active compile tasks:

VM state: at safepoint (normal execution)

VM Mutex/Monitor currently owned by a thread:  ([mutex/lock_event])
[0x0000021bca118020] Threads_lock - owner thread: 0x0000021be5698010
[0x0000021bca1177b0] Heap_lock - owner thread: 0x0000021bebbbac40

Heap address: 0x0000000080000000, size: 2048 MB, Compressed Oops mode: 32-bit

CDS archive(s) not mapped
Compressed class space mapped at: 0x0000000100000000-0x0000000140000000, reserved size: 1073741824
Narrow klass base: 0x0000000000000000, Narrow klass shift: 3, Narrow klass range: 0x140000000

GC Precious Log:
 CPUs: 4 total, 4 available
 Memory: 8044M
 Large Page Support: Disabled
 NUMA Support: Disabled
 Compressed Oops: Enabled (32-bit)
 Heap Region Size: 1M
 Heap Min Capacity: 8M
 Heap Initial Capacity: 126M
 Heap Max Capacity: 2G
 Pre-touch: Disabled
 Parallel Workers: 4
 Concurrent Workers: 1
 Concurrent Refinement Workers: 4
 Periodic GC: Disabled

Heap:
 garbage-first heap   total 129024K, used 63369K [0x0000000080000000, 0x0000000100000000)
  region size 1024K, 1 young (1024K), 1 survivors (1024K)
 Metaspace       used 60126K, committed 60736K, reserved 1114112K
  class space    used 8210K, committed 8512K, reserved 1048576K

Heap Regions: E=young(eden), S=young(survivor), O=old, HS=humongous(starts), HC=humongous(continues), CS=collection set, F=free, OA=open archive, CA=closed archive, TAMS=top-at-mark-start (previous, next)
|   0|0x0000000080000000, 0x0000000080100000, 0x0000000080100000|100%| O|  |TAMS 0x0000000080100000, 0x0000000080000000| Untracked 
|   1|0x0000000080100000, 0x0000000080200000, 0x0000000080200000|100%| O|  |TAMS 0x0000000080200000, 0x0000000080100000| Untracked 
|   2|0x0000000080200000, 0x0000000080300000, 0x0000000080300000|100%|HS|  |TAMS 0x0000000080300000, 0x0000000080200000| Complete 
|   3|0x0000000080300000, 0x0000000080400000, 0x0000000080400000|100%|HC|  |TAMS 0x0000000080400000, 0x0000000080300000| Complete 
|   4|0x0000000080400000, 0x0000000080500000, 0x0000000080500000|100%|HC|  |TAMS 0x0000000080500000, 0x0000000080400000| Complete 
|   5|0x0000000080500000, 0x0000000080600000, 0x0000000080600000|100%|HC|  |TAMS 0x0000000080600000, 0x0000000080500000| Complete 
|   6|0x0000000080600000, 0x0000000080700000, 0x0000000080700000|100%| O|  |TAMS 0x0000000080700000, 0x0000000080600000| Untracked 
|   7|0x0000000080700000, 0x0000000080800000, 0x0000000080800000|100%| O|  |TAMS 0x0000000080800000, 0x0000000080700000| Untracked 
|   8|0x0000000080800000, 0x0000000080900000, 0x0000000080900000|100%| O|  |TAMS 0x0000000080900000, 0x0000000080800000| Untracked 
|   9|0x0000000080900000, 0x0000000080a00000, 0x0000000080a00000|100%| O|  |TAMS 0x0000000080a00000, 0x0000000080900000| Untracked 
|  10|0x0000000080a00000, 0x0000000080abd400, 0x0000000080b00000| 73%| O|  |TAMS 0x0000000080abd400, 0x0000000080a00000| Untracked 
|  11|0x0000000080b00000, 0x0000000080c00000, 0x0000000080c00000|100%| O|  |TAMS 0x0000000080c00000, 0x0000000080b00000| Untracked 
|  12|0x0000000080c00000, 0x0000000080d00000, 0x0000000080d00000|100%| O|  |TAMS 0x0000000080d00000, 0x0000000080c00000| Untracked 
|  13|0x0000000080d00000, 0x0000000080e00000, 0x0000000080e00000|100%| O|  |TAMS 0x0000000080e00000, 0x0000000080d00000| Untracked 
|  14|0x0000000080e00000, 0x0000000080f00000, 0x0000000080f00000|100%| O|  |TAMS 0x0000000080f00000, 0x0000000080e00000| Untracked 
|  15|0x0000000080f00000, 0x0000000081000000, 0x0000000081000000|100%| O|  |TAMS 0x0000000081000000, 0x0000000080f00000| Untracked 
|  16|0x0000000081000000, 0x0000000081100000, 0x0000000081100000|100%| O|  |TAMS 0x0000000081100000, 0x0000000081000000| Untracked 
|  17|0x0000000081100000, 0x0000000081200000, 0x0000000081200000|100%| O|  |TAMS 0x0000000081200000, 0x0000000081100000| Untracked 
|  18|0x0000000081200000, 0x0000000081300000, 0x0000000081300000|100%| O|  |TAMS 0x0000000081300000, 0x0000000081200000| Untracked 
|  19|0x0000000081300000, 0x0000000081400000, 0x0000000081400000|100%| O|  |TAMS 0x0000000081400000, 0x0000000081300000| Untracked 
|  20|0x0000000081400000, 0x0000000081500000, 0x0000000081500000|100%| O|  |TAMS 0x0000000081500000, 0x0000000081400000| Untracked 
|  21|0x0000000081500000, 0x0000000081600000, 0x0000000081600000|100%| O|  |TAMS 0x0000000081600000, 0x0000000081500000| Untracked 
|  22|0x0000000081600000, 0x0000000081700000, 0x0000000081700000|100%|HS|  |TAMS 0x0000000081600000, 0x0000000081600000| Complete 
|  23|0x0000000081700000, 0x0000000081800000, 0x0000000081800000|100%| O|  |TAMS 0x0000000081800000, 0x0000000081700000| Untracked 
|  24|0x0000000081800000, 0x0000000081900000, 0x0000000081900000|100%| O|  |TAMS 0x0000000081900000, 0x0000000081800000| Untracked 
|  25|0x0000000081900000, 0x0000000081a00000, 0x0000000081a00000|100%| O|  |TAMS 0x0000000081a00000, 0x0000000081900000| Untracked 
|  26|0x0000000081a00000, 0x0000000081b00000, 0x0000000081b00000|100%| O|  |TAMS 0x0000000081b00000, 0x0000000081a00000| Untracked 
|  27|0x0000000081b00000, 0x0000000081c00000, 0x0000000081c00000|100%| O|  |TAMS 0x0000000081c00000, 0x0000000081b00000| Untracked 
|  28|0x0000000081c00000, 0x0000000081d00000, 0x0000000081d00000|100%| O|  |TAMS 0x0000000081d00000, 0x0000000081c00000| Untracked 
|  29|0x0000000081d00000, 0x0000000081e00000, 0x0000000081e00000|100%| O|  |TAMS 0x0000000081e00000, 0x0000000081d00000| Untracked 
|  30|0x0000000081e00000, 0x0000000081f00000, 0x0000000081f00000|100%| O|  |TAMS 0x0000000081f00000, 0x0000000081e00000| Untracked 
|  31|0x0000000081f00000, 0x0000000082000000, 0x0000000082000000|100%| O|  |TAMS 0x0000000082000000, 0x0000000081f00000| Untracked 
|  32|0x0000000082000000, 0x0000000082000000, 0x0000000082100000|  0%| F|  |TAMS 0x0000000082000000, 0x0000000082000000| Untracked 
|  33|0x0000000082100000, 0x0000000082200000, 0x0000000082200000|100%| O|  |TAMS 0x0000000082200000, 0x0000000082100000| Untracked 
|  34|0x0000000082200000, 0x0000000082300000, 0x0000000082300000|100%| O|  |TAMS 0x0000000082300000, 0x0000000082200000| Untracked 
|  35|0x0000000082300000, 0x0000000082400000, 0x0000000082400000|100%| O|  |TAMS 0x0000000082400000, 0x0000000082300000| Untracked 
|  36|0x0000000082400000, 0x0000000082500000, 0x0000000082500000|100%| O|  |TAMS 0x0000000082500000, 0x0000000082400000| Untracked 
|  37|0x0000000082500000, 0x0000000082600000, 0x0000000082600000|100%| O|  |TAMS 0x0000000082600000, 0x0000000082500000| Untracked 
|  38|0x0000000082600000, 0x0000000082700000, 0x0000000082700000|100%| O|  |TAMS 0x0000000082700000, 0x0000000082600000| Untracked 
|  39|0x0000000082700000, 0x0000000082800000, 0x0000000082800000|100%|HS|  |TAMS 0x0000000082800000, 0x0000000082700000| Complete 
|  40|0x0000000082800000, 0x0000000082900000, 0x0000000082900000|100%|HS|  |TAMS 0x0000000082900000, 0x0000000082800000| Complete 
|  41|0x0000000082900000, 0x0000000082a00000, 0x0000000082a00000|100%|HS|  |TAMS 0x0000000082a00000, 0x0000000082900000| Complete 
|  42|0x0000000082a00000, 0x0000000082b00000, 0x0000000082b00000|100%|HC|  |TAMS 0x0000000082b00000, 0x0000000082a00000| Complete 
|  43|0x0000000082b00000, 0x0000000082c00000, 0x0000000082c00000|100%|HS|  |TAMS 0x0000000082c00000, 0x0000000082b00000| Complete 
|  44|0x0000000082c00000, 0x0000000082d00000, 0x0000000082d00000|100%|HC|  |TAMS 0x0000000082d00000, 0x0000000082c00000| Complete 
|  45|0x0000000082d00000, 0x0000000082e00000, 0x0000000082e00000|100%|HS|  |TAMS 0x0000000082e00000, 0x0000000082d00000| Complete 
|  46|0x0000000082e00000, 0x0000000082f00000, 0x0000000082f00000|100%|HS|  |TAMS 0x0000000082f00000, 0x0000000082e00000| Complete 
|  47|0x0000000082f00000, 0x0000000083000000, 0x0000000083000000|100%|HC|  |TAMS 0x0000000083000000, 0x0000000082f00000| Complete 
|  48|0x0000000083000000, 0x0000000083100000, 0x0000000083100000|100%|HC|  |TAMS 0x0000000083100000, 0x0000000083000000| Complete 
|  49|0x0000000083100000, 0x0000000083200000, 0x0000000083200000|100%|HC|  |TAMS 0x0000000083200000, 0x0000000083100000| Complete 
|  50|0x0000000083200000, 0x0000000083300000, 0x0000000083300000|100%|HS|  |TAMS 0x0000000083300000, 0x0000000083200000| Complete 
|  51|0x0000000083300000, 0x0000000083400000, 0x0000000083400000|100%| O|  |TAMS 0x0000000083400000, 0x0000000083300000| Untracked 
|  52|0x0000000083400000, 0x0000000083500000, 0x0000000083500000|100%|HS|  |TAMS 0x0000000083500000, 0x0000000083400000| Complete 
|  53|0x0000000083500000, 0x0000000083600000, 0x0000000083600000|100%| O|  |TAMS 0x0000000083600000, 0x0000000083500000| Untracked 
|  54|0x0000000083600000, 0x0000000083700000, 0x0000000083700000|100%| O|  |TAMS 0x0000000083700000, 0x0000000083600000| Untracked 
|  55|0x0000000083700000, 0x0000000083800000, 0x0000000083800000|100%| O|  |TAMS 0x0000000083800000, 0x0000000083700000| Untracked 
|  56|0x0000000083800000, 0x0000000083900000, 0x0000000083900000|100%| O|  |TAMS 0x0000000083900000, 0x0000000083800000| Untracked 
|  57|0x0000000083900000, 0x0000000083a00000, 0x0000000083a00000|100%| O|  |TAMS 0x0000000083a00000, 0x0000000083900000| Untracked 
|  58|0x0000000083a00000, 0x0000000083b00000, 0x0000000083b00000|100%| O|  |TAMS 0x0000000083b00000, 0x0000000083a00000| Untracked 
|  59|0x0000000083b00000, 0x0000000083c00000, 0x0000000083c00000|100%| O|  |TAMS 0x0000000083c00000, 0x0000000083b00000| Untracked 
|  60|0x0000000083c00000, 0x0000000083d00000, 0x0000000083d00000|100%| O|  |TAMS 0x0000000083d00000, 0x0000000083c00000| Untracked 
|  61|0x0000000083d00000, 0x0000000083e00000, 0x0000000083e00000|100%| O|  |TAMS 0x0000000083d62c00, 0x0000000083d00000| Untracked 
|  62|0x0000000083e00000, 0x0000000083e7e400, 0x0000000083f00000| 49%| O|  |TAMS 0x0000000083e00000, 0x0000000083e00000| Untracked 
|  63|0x0000000083f00000, 0x0000000083f00000, 0x0000000084000000|  0%| F|  |TAMS 0x0000000083f00000, 0x0000000083f00000| Untracked 
|  64|0x0000000084000000, 0x0000000084000000, 0x0000000084100000|  0%| F|  |TAMS 0x0000000084000000, 0x0000000084000000| Untracked 
|  65|0x0000000084100000, 0x0000000084100000, 0x0000000084200000|  0%| F|  |TAMS 0x0000000084100000, 0x0000000084100000| Untracked 
|  66|0x0000000084200000, 0x0000000084200000, 0x0000000084300000|  0%| F|  |TAMS 0x0000000084200000, 0x0000000084200000| Untracked 
|  67|0x0000000084300000, 0x0000000084300000, 0x0000000084400000|  0%| F|  |TAMS 0x0000000084300000, 0x0000000084300000| Untracked 
|  68|0x0000000084400000, 0x0000000084400000, 0x0000000084500000|  0%| F|  |TAMS 0x0000000084400000, 0x0000000084400000| Untracked 
|  69|0x0000000084500000, 0x0000000084500000, 0x0000000084600000|  0%| F|  |TAMS 0x0000000084500000, 0x0000000084500000| Untracked 
|  70|0x0000000084600000, 0x0000000084600000, 0x0000000084700000|  0%| F|  |TAMS 0x0000000084600000, 0x0000000084600000| Untracked 
|  71|0x0000000084700000, 0x0000000084700000, 0x0000000084800000|  0%| F|  |TAMS 0x0000000084700000, 0x0000000084700000| Untracked 
|  72|0x0000000084800000, 0x0000000084800000, 0x0000000084900000|  0%| F|  |TAMS 0x0000000084800000, 0x0000000084800000| Untracked 
|  73|0x0000000084900000, 0x0000000084900000, 0x0000000084a00000|  0%| F|  |TAMS 0x0000000084900000, 0x0000000084900000| Untracked 
|  74|0x0000000084a00000, 0x0000000084a00000, 0x0000000084b00000|  0%| F|  |TAMS 0x0000000084a00000, 0x0000000084a00000| Untracked 
|  75|0x0000000084b00000, 0x0000000084b00000, 0x0000000084c00000|  0%| F|  |TAMS 0x0000000084b00000, 0x0000000084b00000| Untracked 
|  76|0x0000000084c00000, 0x0000000084c00000, 0x0000000084d00000|  0%| F|  |TAMS 0x0000000084c00000, 0x0000000084c00000| Untracked 
|  77|0x0000000084d00000, 0x0000000084d00000, 0x0000000084e00000|  0%| F|  |TAMS 0x0000000084d00000, 0x0000000084d00000| Untracked 
|  78|0x0000000084e00000, 0x0000000084e00000, 0x0000000084f00000|  0%| F|  |TAMS 0x0000000084e00000, 0x0000000084e00000| Untracked 
|  79|0x0000000084f00000, 0x0000000084f00000, 0x0000000085000000|  0%| F|  |TAMS 0x0000000084f00000, 0x0000000084f00000| Untracked 
|  80|0x0000000085000000, 0x0000000085000000, 0x0000000085100000|  0%| F|  |TAMS 0x0000000085000000, 0x0000000085000000| Untracked 
|  81|0x0000000085100000, 0x0000000085100000, 0x0000000085200000|  0%| F|  |TAMS 0x0000000085100000, 0x0000000085100000| Untracked 
|  82|0x0000000085200000, 0x0000000085200000, 0x0000000085300000|  0%| F|  |TAMS 0x0000000085200000, 0x0000000085200000| Untracked 
|  83|0x0000000085300000, 0x0000000085300000, 0x0000000085400000|  0%| F|  |TAMS 0x0000000085300000, 0x0000000085300000| Untracked 
|  84|0x0000000085400000, 0x0000000085400000, 0x0000000085500000|  0%| F|  |TAMS 0x0000000085400000, 0x0000000085400000| Untracked 
|  85|0x0000000085500000, 0x0000000085500000, 0x0000000085600000|  0%| F|  |TAMS 0x0000000085500000, 0x0000000085500000| Untracked 
|  86|0x0000000085600000, 0x0000000085600000, 0x0000000085700000|  0%| F|  |TAMS 0x0000000085600000, 0x0000000085600000| Untracked 
|  87|0x0000000085700000, 0x0000000085700000, 0x0000000085800000|  0%| F|  |TAMS 0x0000000085700000, 0x0000000085700000| Untracked 
|  88|0x0000000085800000, 0x0000000085800000, 0x0000000085900000|  0%| F|  |TAMS 0x0000000085800000, 0x0000000085800000| Untracked 
|  89|0x0000000085900000, 0x0000000085900000, 0x0000000085a00000|  0%| F|  |TAMS 0x0000000085900000, 0x0000000085900000| Untracked 
|  90|0x0000000085a00000, 0x0000000085a00000, 0x0000000085b00000|  0%| F|  |TAMS 0x0000000085a00000, 0x0000000085a00000| Untracked 
|  91|0x0000000085b00000, 0x0000000085b00000, 0x0000000085c00000|  0%| F|  |TAMS 0x0000000085b00000, 0x0000000085b00000| Untracked 
|  92|0x0000000085c00000, 0x0000000085c00000, 0x0000000085d00000|  0%| F|  |TAMS 0x0000000085c00000, 0x0000000085c00000| Untracked 
|  93|0x0000000085d00000, 0x0000000085d00000, 0x0000000085e00000|  0%| F|  |TAMS 0x0000000085d00000, 0x0000000085d00000| Untracked 
|  94|0x0000000085e00000, 0x0000000085e00000, 0x0000000085f00000|  0%| F|  |TAMS 0x0000000085e00000, 0x0000000085e00000| Untracked 
|  95|0x0000000085f00000, 0x0000000085f00000, 0x0000000086000000|  0%| F|  |TAMS 0x0000000085f00000, 0x0000000085f00000| Untracked 
|  96|0x0000000086000000, 0x0000000086000000, 0x0000000086100000|  0%| F|  |TAMS 0x0000000086000000, 0x0000000086000000| Untracked 
|  97|0x0000000086100000, 0x0000000086100000, 0x0000000086200000|  0%| F|  |TAMS 0x0000000086100000, 0x0000000086100000| Untracked 
|  98|0x0000000086200000, 0x0000000086200000, 0x0000000086300000|  0%| F|  |TAMS 0x0000000086200000, 0x0000000086200000| Untracked 
|  99|0x0000000086300000, 0x0000000086300000, 0x0000000086400000|  0%| F|  |TAMS 0x0000000086300000, 0x0000000086300000| Untracked 
| 100|0x0000000086400000, 0x0000000086400000, 0x0000000086500000|  0%| F|  |TAMS 0x0000000086400000, 0x0000000086400000| Untracked 
| 101|0x0000000086500000, 0x0000000086500000, 0x0000000086600000|  0%| F|  |TAMS 0x0000000086500000, 0x0000000086500000| Untracked 
| 102|0x0000000086600000, 0x0000000086600000, 0x0000000086700000|  0%| F|  |TAMS 0x0000000086600000, 0x0000000086600000| Untracked 
| 103|0x0000000086700000, 0x0000000086700000, 0x0000000086800000|  0%| F|  |TAMS 0x0000000086700000, 0x0000000086700000| Untracked 
| 104|0x0000000086800000, 0x0000000086800000, 0x0000000086900000|  0%| F|  |TAMS 0x0000000086800000, 0x0000000086800000| Untracked 
| 105|0x0000000086900000, 0x0000000086900000, 0x0000000086a00000|  0%| F|  |TAMS 0x0000000086900000, 0x0000000086900000| Untracked 
| 106|0x0000000086a00000, 0x0000000086a00000, 0x0000000086b00000|  0%| F|  |TAMS 0x0000000086a00000, 0x0000000086a00000| Untracked 
| 107|0x0000000086b00000, 0x0000000086b00000, 0x0000000086c00000|  0%| F|  |TAMS 0x0000000086b00000, 0x0000000086b00000| Untracked 
| 108|0x0000000086c00000, 0x0000000086c00000, 0x0000000086d00000|  0%| F|  |TAMS 0x0000000086c00000, 0x0000000086c00000| Untracked 
| 109|0x0000000086d00000, 0x0000000086d00000, 0x0000000086e00000|  0%| F|  |TAMS 0x0000000086d00000, 0x0000000086d00000| Untracked 
| 110|0x0000000086e00000, 0x0000000086e00000, 0x0000000086f00000|  0%| F|  |TAMS 0x0000000086e00000, 0x0000000086e00000| Untracked 
| 111|0x0000000086f00000, 0x0000000086f00000, 0x0000000087000000|  0%| F|  |TAMS 0x0000000086f00000, 0x0000000086f00000| Untracked 
| 112|0x0000000087000000, 0x00000000870a6f90, 0x0000000087100000| 65%| S|CS|TAMS 0x0000000087000000, 0x0000000087000000| Complete 
| 113|0x0000000087100000, 0x0000000087100000, 0x0000000087200000|  0%| F|  |TAMS 0x0000000087100000, 0x0000000087100000| Untracked 
| 114|0x0000000087200000, 0x0000000087200000, 0x0000000087300000|  0%| F|  |TAMS 0x0000000087200000, 0x0000000087200000| Untracked 
| 115|0x0000000087300000, 0x0000000087300000, 0x0000000087400000|  0%| F|  |TAMS 0x0000000087300000, 0x0000000087300000| Untracked 
| 116|0x0000000087400000, 0x0000000087400000, 0x0000000087500000|  0%| F|  |TAMS 0x0000000087400000, 0x0000000087400000| Untracked 
| 117|0x0000000087500000, 0x0000000087500000, 0x0000000087600000|  0%| F|  |TAMS 0x0000000087500000, 0x0000000087500000| Untracked 
| 118|0x0000000087600000, 0x0000000087600000, 0x0000000087700000|  0%| F|  |TAMS 0x0000000087600000, 0x0000000087600000| Untracked 
| 119|0x0000000087700000, 0x0000000087700000, 0x0000000087800000|  0%| F|  |TAMS 0x0000000087700000, 0x0000000087700000| Untracked 
| 120|0x0000000087800000, 0x0000000087800000, 0x0000000087900000|  0%| F|  |TAMS 0x0000000087800000, 0x0000000087800000| Untracked 
| 121|0x0000000087900000, 0x0000000087900000, 0x0000000087a00000|  0%| F|  |TAMS 0x0000000087900000, 0x0000000087900000| Untracked 
| 122|0x0000000087a00000, 0x0000000087a00000, 0x0000000087b00000|  0%| F|  |TAMS 0x0000000087a00000, 0x0000000087a00000| Untracked 
| 123|0x0000000087b00000, 0x0000000087b00000, 0x0000000087c00000|  0%| F|  |TAMS 0x0000000087b00000, 0x0000000087b00000| Untracked 
| 124|0x0000000087c00000, 0x0000000087c00000, 0x0000000087d00000|  0%| F|  |TAMS 0x0000000087c00000, 0x0000000087c00000| Untracked 
| 125|0x0000000087d00000, 0x0000000087d00000, 0x0000000087e00000|  0%| F|  |TAMS 0x0000000087d00000, 0x0000000087d00000| Untracked 

Card table byte_map: [0x0000021bde820000,0x0000021bdec20000] _byte_map_base: 0x0000021bde420000

Marking Bits (Prev, Next): (CMBitMap*) 0x0000021bca175dc0, (CMBitMap*) 0x0000021bca175e00
 Prev Bits: [0x0000021bdf020000, 0x0000021be1020000)
 Next Bits: [0x0000021be1020000, 0x0000021be3020000)

Polling page: 0x0000021bca1d0000

Metaspace:

Usage:
  Non-class:     50.70 MB used.
      Class:      8.02 MB used.
       Both:     58.72 MB used.

Virtual space:
  Non-class space:       64.00 MB reserved,      51.00 MB ( 80%) committed,  1 nodes.
      Class space:        1.00 GB reserved,       8.31 MB ( <1%) committed,  1 nodes.
             Both:        1.06 GB reserved,      59.31 MB (  5%) committed. 

Chunk freelists:
   Non-Class:  12.16 MB
       Class:  7.61 MB
        Both:  19.77 MB

MaxMetaspaceSize: unlimited
CompressedClassSpaceSize: 1.00 GB
Initial GC threshold: 21.00 MB
Current GC threshold: 97.13 MB
CDS: off
MetaspaceReclaimPolicy: balanced
 - commit_granule_bytes: 65536.
 - commit_granule_words: 8192.
 - virtual_space_node_default_size: 8388608.
 - enlarge_chunks_in_place: 1.
 - new_chunks_are_fully_committed: 0.
 - uncommit_free_chunks: 1.
 - use_allocation_guard: 0.
 - handle_deallocations: 1.


Internal statistics:

num_allocs_failed_limit: 6.
num_arena_births: 708.
num_arena_deaths: 0.
num_vsnodes_births: 2.
num_vsnodes_deaths: 0.
num_space_committed: 949.
num_space_uncommitted: 0.
num_chunks_returned_to_freelist: 6.
num_chunks_taken_from_freelist: 2792.
num_chunk_merges: 6.
num_chunk_splits: 1824.
num_chunks_enlarged: 1200.
num_inconsistent_stats: 0.

CodeHeap 'non-profiled nmethods': size=120000Kb used=3047Kb max_used=3486Kb free=116952Kb
 bounds [0x0000021bd68c0000, 0x0000021bd6c30000, 0x0000021bdddf0000]
CodeHeap 'profiled nmethods': size=120000Kb used=11697Kb max_used=12224Kb free=108302Kb
 bounds [0x0000021bcedf0000, 0x0000021bcf9f0000, 0x0000021bd6320000]
CodeHeap 'non-nmethods': size=5760Kb used=1635Kb max_used=1698Kb free=4125Kb
 bounds [0x0000021bd6320000, 0x0000021bd6590000, 0x0000021bd68c0000]
 total_blobs=7009 nmethods=6302 adapters=619
 compilation: enabled
              stopped_count=0, restarted_count=0
 full_count=0

Compilation events (20 events):
Event: 8.038 Thread 0x0000021be580a590 nmethod 7130 0x0000021bd6972190 code [0x0000021bd6972380, 0x0000021bd6972a90]
Event: 8.041 Thread 0x0000021be580bb00 7137       3       com.google.common.collect.ImmutableMapEntry::<init> (12 bytes)
Event: 8.041 Thread 0x0000021be580bb00 nmethod 7137 0x0000021bcee07610 code [0x0000021bcee077c0, 0x0000021bcee07ac8]
Event: 8.041 Thread 0x0000021be580bb00 7138       3       com.google.common.collect.ImmutableEntry::<init> (15 bytes)
Event: 8.041 Thread 0x0000021be580bb00 nmethod 7138 0x0000021bcef21d10 code [0x0000021bcef21ec0, 0x0000021bcef22138]
Event: 8.042 Thread 0x0000021bea06d9d0 nmethod 7121 0x0000021bd6970290 code [0x0000021bd69704a0, 0x0000021bd6971780]
Event: 8.042 Thread 0x0000021be580bb00 7139       3       com.google.common.collect.Hashing::smear (19 bytes)
Event: 8.042 Thread 0x0000021be580bb00 nmethod 7139 0x0000021bcf6b1090 code [0x0000021bcf6b1220, 0x0000021bcf6b1398]
Event: 8.048 Thread 0x0000021be580bb00 7140       1       org.gradle.internal.dispatch.ProxyDispatchAdapter::getSource (5 bytes)
Event: 8.048 Thread 0x0000021be580bb00 nmethod 7140 0x0000021bd696ff90 code [0x0000021bd6970120, 0x0000021bd69701f8]
Event: 8.056 Thread 0x0000021be580bb00 7141       3       org.gradle.internal.classloader.TransformReplacer::getLoader (46 bytes)
Event: 8.057 Thread 0x0000021be580bb00 nmethod 7141 0x0000021bceee5810 code [0x0000021bceee5a60, 0x0000021bceee6518]
Event: 8.057 Thread 0x0000021be580bb00 7142       3       org.gradle.internal.classloader.TransformReplacer$JarLoader::getJarFileLocked (104 bytes)
Event: 8.058 Thread 0x0000021be580bb00 nmethod 7142 0x0000021bcef37b10 code [0x0000021bcef37ea0, 0x0000021bcef39678]
Event: 8.058 Thread 0x0000021be580bb00 7143       3       org.gradle.internal.classloader.TransformErrorHandler::enterClassLoadingScope (50 bytes)
Event: 8.058 Thread 0x0000021be580bb00 nmethod 7143 0x0000021bcef36990 code [0x0000021bcef36c20, 0x0000021bcef37678]
Event: 8.058 Thread 0x0000021be580bb00 7144       3       org.gradle.internal.io.StreamByteBuffer::readFully (27 bytes)
Event: 8.059 Thread 0x0000021be580bb00 nmethod 7144 0x0000021bceee5290 code [0x0000021bceee5440, 0x0000021bceee5698]
Event: 8.059 Thread 0x0000021be580bb00 7145       3       org.gradle.internal.io.StreamByteBuffer::readAsByteArray (21 bytes)
Event: 8.059 Thread 0x0000021be580bb00 nmethod 7145 0x0000021bceee4d90 code [0x0000021bceee4f40, 0x0000021bceee5178]

GC Heap History (20 events):
Event: 5.343 GC heap after
{Heap after GC invocations=14 (full 0):
 garbage-first heap   total 82944K, used 33433K [0x0000000080000000, 0x0000000100000000)
  region size 1024K, 4 young (4096K), 4 survivors (4096K)
 Metaspace       used 49402K, committed 49856K, reserved 1114112K
  class space    used 6767K, committed 6976K, reserved 1048576K
}
Event: 5.843 GC heap before
{Heap before GC invocations=14 (full 0):
 garbage-first heap   total 82944K, used 66201K [0x0000000080000000, 0x0000000100000000)
  region size 1024K, 34 young (34816K), 4 survivors (4096K)
 Metaspace       used 53479K, committed 53952K, reserved 1114112K
  class space    used 7334K, committed 7552K, reserved 1048576K
}
Event: 5.848 GC heap after
{Heap after GC invocations=15 (full 0):
 garbage-first heap   total 82944K, used 34769K [0x0000000080000000, 0x0000000100000000)
  region size 1024K, 4 young (4096K), 4 survivors (4096K)
 Metaspace       used 53479K, committed 53952K, reserved 1114112K
  class space    used 7334K, committed 7552K, reserved 1048576K
}
Event: 6.674 GC heap before
{Heap before GC invocations=15 (full 0):
 garbage-first heap   total 82944K, used 64465K [0x0000000080000000, 0x0000000100000000)
  region size 1024K, 34 young (34816K), 4 survivors (4096K)
 Metaspace       used 56089K, committed 56640K, reserved 1114112K
  class space    used 7673K, committed 7936K, reserved 1048576K
}
Event: 6.683 GC heap after
{Heap after GC invocations=16 (full 0):
 garbage-first heap   total 82944K, used 38150K [0x0000000080000000, 0x0000000100000000)
  region size 1024K, 5 young (5120K), 5 survivors (5120K)
 Metaspace       used 56089K, committed 56640K, reserved 1114112K
  class space    used 7673K, committed 7936K, reserved 1048576K
}
Event: 7.106 GC heap before
{Heap before GC invocations=16 (full 0):
 garbage-first heap   total 82944K, used 64774K [0x0000000080000000, 0x0000000100000000)
  region size 1024K, 32 young (32768K), 5 survivors (5120K)
 Metaspace       used 56694K, committed 57216K, reserved 1114112K
  class space    used 7731K, committed 8000K, reserved 1048576K
}
Event: 7.118 GC heap after
{Heap after GC invocations=17 (full 0):
 garbage-first heap   total 82944K, used 41354K [0x0000000080000000, 0x0000000100000000)
  region size 1024K, 4 young (4096K), 4 survivors (4096K)
 Metaspace       used 56694K, committed 57216K, reserved 1114112K
  class space    used 7731K, committed 8000K, reserved 1048576K
}
Event: 7.336 GC heap before
{Heap before GC invocations=17 (full 0):
 garbage-first heap   total 82944K, used 55690K [0x0000000080000000, 0x0000000100000000)
  region size 1024K, 19 young (19456K), 4 survivors (4096K)
 Metaspace       used 57084K, committed 57664K, reserved 1114112K
  class space    used 7770K, committed 8064K, reserved 1048576K
}
Event: 7.342 GC heap after
{Heap after GC invocations=18 (full 0):
 garbage-first heap   total 100352K, used 41889K [0x0000000080000000, 0x0000000100000000)
  region size 1024K, 3 young (3072K), 3 survivors (3072K)
 Metaspace       used 57084K, committed 57664K, reserved 1114112K
  class space    used 7770K, committed 8064K, reserved 1048576K
}
Event: 7.374 GC heap before
{Heap before GC invocations=18 (full 0):
 garbage-first heap   total 100352K, used 50081K [0x0000000080000000, 0x0000000100000000)
  region size 1024K, 6 young (6144K), 3 survivors (3072K)
 Metaspace       used 57125K, committed 57728K, reserved 1114112K
  class space    used 7778K, committed 8064K, reserved 1048576K
}
Event: 7.379 GC heap after
{Heap after GC invocations=19 (full 0):
 garbage-first heap   total 100352K, used 49745K [0x0000000080000000, 0x0000000100000000)
  region size 1024K, 4 young (4096K), 4 survivors (4096K)
 Metaspace       used 57125K, committed 57728K, reserved 1114112K
  class space    used 7778K, committed 8064K, reserved 1048576K
}
Event: 7.703 GC heap before
{Heap before GC invocations=20 (full 0):
 garbage-first heap   total 100352K, used 77393K [0x0000000080000000, 0x0000000100000000)
  region size 1024K, 24 young (24576K), 4 survivors (4096K)
 Metaspace       used 58041K, committed 58560K, reserved 1114112K
  class space    used 7940K, committed 8192K, reserved 1048576K
}
Event: 7.709 GC heap after
{Heap after GC invocations=21 (full 0):
 garbage-first heap   total 100352K, used 62155K [0x0000000080000000, 0x0000000100000000)
  region size 1024K, 3 young (3072K), 3 survivors (3072K)
 Metaspace       used 58041K, committed 58560K, reserved 1114112K
  class space    used 7940K, committed 8192K, reserved 1048576K
}
Event: 7.719 GC heap before
{Heap before GC invocations=21 (full 0):
 garbage-first heap   total 100352K, used 62155K [0x0000000080000000, 0x0000000100000000)
  region size 1024K, 4 young (4096K), 3 survivors (3072K)
 Metaspace       used 58104K, committed 58688K, reserved 1114112K
  class space    used 7948K, committed 8256K, reserved 1048576K
}
Event: 7.721 GC heap after
{Heap after GC invocations=22 (full 0):
 garbage-first heap   total 100352K, used 61770K [0x0000000080000000, 0x0000000100000000)
  region size 1024K, 1 young (1024K), 1 survivors (1024K)
 Metaspace       used 58104K, committed 58688K, reserved 1114112K
  class space    used 7948K, committed 8256K, reserved 1048576K
}
Event: 7.776 GC heap before
{Heap before GC invocations=22 (full 0):
 garbage-first heap   total 100352K, used 67914K [0x0000000080000000, 0x0000000100000000)
  region size 1024K, 9 young (9216K), 1 survivors (1024K)
 Metaspace       used 58608K, committed 59136K, reserved 1114112K
  class space    used 7996K, committed 8256K, reserved 1048576K
}
Event: 7.777 GC heap after
{Heap after GC invocations=23 (full 0):
 garbage-first heap   total 100352K, used 62250K [0x0000000080000000, 0x0000000100000000)
  region size 1024K, 1 young (1024K), 1 survivors (1024K)
 Metaspace       used 58608K, committed 59136K, reserved 1114112K
  class space    used 7996K, committed 8256K, reserved 1048576K
}
Event: 8.017 GC heap before
{Heap before GC invocations=24 (full 0):
 garbage-first heap   total 119808K, used 78634K [0x0000000080000000, 0x0000000100000000)
  region size 1024K, 16 young (16384K), 1 survivors (1024K)
 Metaspace       used 59808K, committed 60416K, reserved 1114112K
  class space    used 8155K, committed 8448K, reserved 1048576K
}
Event: 8.020 GC heap after
{Heap after GC invocations=25 (full 0):
 garbage-first heap   total 119808K, used 63606K [0x0000000080000000, 0x0000000100000000)
  region size 1024K, 1 young (1024K), 1 survivors (1024K)
 Metaspace       used 59808K, committed 60416K, reserved 1114112K
  class space    used 8155K, committed 8448K, reserved 1048576K
}
Event: 8.067 GC heap before
{Heap before GC invocations=25 (full 0):
 garbage-first heap   total 119808K, used 67702K [0x0000000080000000, 0x0000000100000000)
  region size 1024K, 5 young (5120K), 1 survivors (1024K)
 Metaspace       used 60126K, committed 60736K, reserved 1114112K
  class space    used 8210K, committed 8512K, reserved 1048576K
}

Dll operation events (3 events):
Event: 0.006 Loaded shared library E:\Android studio\jbr\bin\java.dll
Event: 0.133 Loaded shared library E:\Android studio\jbr\bin\zip.dll
Event: 0.452 Loaded shared library E:\Android studio\jbr\bin\verify.dll

Deoptimization events (20 events):
Event: 7.691 Thread 0x0000021bebbbac40 Uncommon trap: trap_request=0xffffffde fr.pc=0x0000021bd6b993d8 relative=0x00000000000068b8
Event: 7.691 Thread 0x0000021bebbbac40 Uncommon trap: reason=class_check action=maybe_recompile pc=0x0000021bd6b993d8 method=java.util.jar.JarFile.getManifestFromReference()Ljava/util/jar/Manifest; @ 152 c2
Event: 7.691 Thread 0x0000021bebbbac40 DEOPT PACKING pc=0x0000021bd6b993d8 sp=0x0000007223ef6dd0
Event: 7.691 Thread 0x0000021bebbbac40 DEOPT UNPACKING pc=0x0000021bd63769a3 sp=0x0000007223ef6a90 mode 2
Event: 7.693 Thread 0x0000021bebbbac40 Uncommon trap: trap_request=0xffffffde fr.pc=0x0000021bd6ae1390 relative=0x0000000000000a10
Event: 7.693 Thread 0x0000021bebbbac40 Uncommon trap: reason=class_check action=maybe_recompile pc=0x0000021bd6ae1390 method=java.io.BufferedInputStream.read1([BII)I @ 39 c2
Event: 7.693 Thread 0x0000021bebbbac40 DEOPT PACKING pc=0x0000021bd6ae1390 sp=0x0000007223ef6bd0
Event: 7.693 Thread 0x0000021bebbbac40 DEOPT UNPACKING pc=0x0000021bd63769a3 sp=0x0000007223ef6ae8 mode 2
Event: 7.693 Thread 0x0000021bebbbac40 Uncommon trap: trap_request=0xffffffde fr.pc=0x0000021bd6ae1390 relative=0x0000000000000a10
Event: 7.693 Thread 0x0000021bebbbac40 Uncommon trap: reason=class_check action=maybe_recompile pc=0x0000021bd6ae1390 method=java.io.BufferedInputStream.read1([BII)I @ 39 c2
Event: 7.693 Thread 0x0000021bebbbac40 DEOPT PACKING pc=0x0000021bd6ae1390 sp=0x0000007223ef6bd0
Event: 7.693 Thread 0x0000021bebbbac40 DEOPT UNPACKING pc=0x0000021bd63769a3 sp=0x0000007223ef6ae8 mode 2
Event: 7.693 Thread 0x0000021bebbbac40 Uncommon trap: trap_request=0xffffffde fr.pc=0x0000021bd6ae1390 relative=0x0000000000000a10
Event: 7.693 Thread 0x0000021bebbbac40 Uncommon trap: reason=class_check action=maybe_recompile pc=0x0000021bd6ae1390 method=java.io.BufferedInputStream.read1([BII)I @ 39 c2
Event: 7.693 Thread 0x0000021bebbbac40 DEOPT PACKING pc=0x0000021bd6ae1390 sp=0x0000007223ef6bd0
Event: 7.693 Thread 0x0000021bebbbac40 DEOPT UNPACKING pc=0x0000021bd63769a3 sp=0x0000007223ef6ae8 mode 2
Event: 7.755 Thread 0x0000021bebbbac40 Uncommon trap: trap_request=0xffffffde fr.pc=0x0000021bd6b993d8 relative=0x00000000000068b8
Event: 7.755 Thread 0x0000021bebbbac40 Uncommon trap: reason=class_check action=maybe_recompile pc=0x0000021bd6b993d8 method=java.util.jar.JarFile.getManifestFromReference()Ljava/util/jar/Manifest; @ 152 c2
Event: 7.755 Thread 0x0000021bebbbac40 DEOPT PACKING pc=0x0000021bd6b993d8 sp=0x0000007223ef6660
Event: 7.755 Thread 0x0000021bebbbac40 DEOPT UNPACKING pc=0x0000021bd63769a3 sp=0x0000007223ef6320 mode 2

Classes unloaded (0 events):
No events

Classes redefined (0 events):
No events

Internal exceptions (20 events):
Event: 6.146 Thread 0x0000021bebbbac40 Exception <a 'java/lang/NoSuchMethodError'{0x00000000843b3c28}: 'java.lang.Object java.lang.invoke.Invokers$Holder.linkToTargetMethod(java.lang.Object, java.lang.Object, java.lang.Object, java.lang.Object, int, java.lang.Object)'> (0x00000000843b3c28) 
thrown [s\src\hotspot\share\interpreter\linkResolver.cpp, line 771]
Event: 6.150 Thread 0x0000021bebbbac40 Exception <a 'java/lang/NoSuchMethodError'{0x00000000843e5e60}: 'java.lang.Object java.lang.invoke.DirectMethodHandle$Holder.invokeSpecial(java.lang.Object, java.lang.Object, java.lang.Object, java.lang.Object, java.lang.Object, long)'> (0x00000000843e5e60) 
thrown [s\src\hotspot\share\interpreter\linkResolver.cpp, line 771]
Event: 6.152 Thread 0x0000021bebbbac40 Exception <a 'java/lang/NoSuchMethodError'{0x0000000084209148}: 'void java.lang.invoke.DirectMethodHandle$Holder.invokeStatic(java.lang.Object, java.lang.Object, java.lang.Object, int, java.lang.Object)'> (0x0000000084209148) 
thrown [s\src\hotspot\share\interpreter\linkResolver.cpp, line 771]
Event: 6.781 Thread 0x0000021bebbbac40 Exception <a 'java/lang/NoSuchMethodError'{0x0000000084c34cf0}: 'java.lang.Object java.lang.invoke.DirectMethodHandle$Holder.newInvokeSpecial(java.lang.Object, java.lang.Object, java.lang.Object, java.lang.Object, int, java.lang.Object)'> (0x0000000084c34cf0) 
thrown [s\src\hotspot\share\interpreter\linkResolver.cpp, line 771]
Event: 6.783 Thread 0x0000021bebbbac40 Exception <a 'java/lang/NoSuchMethodError'{0x0000000084c3a048}: 'java.lang.Object java.lang.invoke.Invokers$Holder.linkToTargetMethod(java.lang.Object, java.lang.Object, java.lang.Object, int, java.lang.Object, java.lang.Object)'> (0x0000000084c3a048) 
thrown [s\src\hotspot\share\interpreter\linkResolver.cpp, line 771]
Event: 7.220 Thread 0x0000021bebbbac40 Exception <a 'java/lang/NoSuchMethodError'{0x0000000084897178}: 'long java.lang.invoke.DirectMethodHandle$Holder.invokeVirtual(java.lang.Object, java.lang.Object)'> (0x0000000084897178) 
thrown [s\src\hotspot\share\interpreter\linkResolver.cpp, line 771]
Event: 7.222 Thread 0x0000021bebb533d0 Exception <a 'java/lang/NoSuchMethodError'{0x00000000848f1d70}: static Lorg/gradle/internal/build/event/types/DefaultOperationFinishedProgressEvent;.<clinit>()V> (0x00000000848f1d70) 
thrown [s\src\hotspot\share\prims\jni.cpp, line 1127]
Event: 7.248 Thread 0x0000021bebb533d0 Exception <a 'java/lang/NoSuchMethodError'{0x000000008477d020}: static Lorg/gradle/internal/build/event/types/DefaultProjectConfigurationSuccessResult;.<clinit>()V> (0x000000008477d020) 
thrown [s\src\hotspot\share\prims\jni.cpp, line 1127]
Event: 7.250 Thread 0x0000021bebb533d0 Exception <a 'java/lang/NoSuchMethodError'{0x00000000847ab310}: static Lorg/gradle/internal/build/event/types/AbstractProjectConfigurationResult;.<clinit>()V> (0x00000000847ab310) 
thrown [s\src\hotspot\share\prims\jni.cpp, line 1127]
Event: 7.250 Thread 0x0000021bebb533d0 Exception <a 'java/lang/NoSuchMethodError'{0x00000000847c16e0}: static Lorg/gradle/internal/build/event/types/AbstractOperationResult;.<clinit>()V> (0x00000000847c16e0) 
thrown [s\src\hotspot\share\prims\jni.cpp, line 1127]
Event: 7.253 Thread 0x0000021bebb533d0 Exception <a 'java/lang/NoSuchMethodError'{0x00000000847ec440}: static Lorg/gradle/internal/build/event/types/AbstractResult;.<clinit>()V> (0x00000000847ec440) 
thrown [s\src\hotspot\share\prims\jni.cpp, line 1127]
Event: 7.260 Thread 0x0000021bebb533d0 Exception <a 'java/lang/NoSuchMethodError'{0x00000000846a9438}: static Lorg/gradle/internal/build/event/types/DefaultPluginApplicationResult;.<clinit>()V> (0x00000000846a9438) 
thrown [s\src\hotspot\share\prims\jni.cpp, line 1127]
Event: 7.263 Thread 0x0000021bebb533d0 Exception <a 'java/lang/NoSuchMethodError'{0x000000008454dad0}: static Lorg/gradle/internal/build/event/types/DefaultBinaryPluginIdentifier;.<clinit>()V> (0x000000008454dad0) 
thrown [s\src\hotspot\share\prims\jni.cpp, line 1127]
Event: 7.266 Thread 0x0000021bebb533d0 Exception <a 'java/lang/NoSuchMethodError'{0x0000000084567b80}: static Lorg/gradle/internal/build/event/types/DefaultScriptPluginIdentifier;.<clinit>()V> (0x0000000084567b80) 
thrown [s\src\hotspot\share\prims\jni.cpp, line 1127]
Event: 7.318 Thread 0x0000021bebbbac40 Implicit null exception at 0x0000021bd6bb7b12 to 0x0000021bd6bb8230
Event: 7.544 Thread 0x0000021bebbbac40 Exception <a 'java/lang/NoSuchMethodError'{0x00000000855e8fe0}: 'void java.lang.invoke.Invokers$Holder.invoke_MT(java.lang.Object, java.lang.Object, java.lang.Object, java.lang.Object)'> (0x00000000855e8fe0) 
thrown [s\src\hotspot\share\interpreter\linkResolver.cpp, line 771]
Event: 7.553 Thread 0x0000021bebbbac40 Exception <a 'java/lang/NoSuchMethodError'{0x000000008546c038}: 'java.lang.Object java.lang.invoke.DirectMethodHandle$Holder.invokeSpecial(java.lang.Object, java.lang.Object, java.lang.Object, int, java.lang.Object, java.lang.Object)'> (0x000000008546c038) 
thrown [s\src\hotspot\share\interpreter\linkResolver.cpp, line 771]
Event: 7.585 Thread 0x0000021bebbbac40 Exception <a 'java/lang/ClassNotFoundException'{0x000000008528de68}: sun/misc/SharedSecrets> (0x000000008528de68) 
thrown [s\src\hotspot\share\classfile\systemDictionary.cpp, line 256]
Event: 7.585 Thread 0x0000021bebbbac40 Exception <a 'java/lang/ClassNotFoundException'{0x000000008528f440}: org/gradle/api/internal/plugins/DefaultObjectConfigurationActionBeanInfo> (0x000000008528f440) 
thrown [s\src\hotspot\share\classfile\systemDictionary.cpp, line 256]
Event: 7.586 Thread 0x0000021bebbbac40 Exception <a 'java/lang/ClassNotFoundException'{0x00000000852a8868}: org/gradle/api/internal/plugins/DefaultObjectConfigurationActionCustomizer> (0x00000000852a8868) 
thrown [s\src\hotspot\share\classfile\systemDictionary.cpp, line 256]

VM Operations (20 events):
Event: 7.343 Executing VM operation: G1TryInitiateConcMark done
Event: 7.374 Executing VM operation: G1TryInitiateConcMark
Event: 7.379 Executing VM operation: G1TryInitiateConcMark done
Event: 7.453 Executing VM operation: G1PauseRemark
Event: 7.457 Executing VM operation: G1PauseRemark done
Event: 7.495 Executing VM operation: G1PauseCleanup
Event: 7.495 Executing VM operation: G1PauseCleanup done
Event: 7.703 Executing VM operation: G1CollectForAllocation
Event: 7.709 Executing VM operation: G1CollectForAllocation done
Event: 7.719 Executing VM operation: G1CollectForAllocation
Event: 7.721 Executing VM operation: G1CollectForAllocation done
Event: 7.776 Executing VM operation: G1TryInitiateConcMark
Event: 7.777 Executing VM operation: G1TryInitiateConcMark done
Event: 7.852 Executing VM operation: G1PauseRemark
Event: 7.856 Executing VM operation: G1PauseRemark done
Event: 7.893 Executing VM operation: G1PauseCleanup
Event: 7.893 Executing VM operation: G1PauseCleanup done
Event: 8.017 Executing VM operation: G1CollectForAllocation
Event: 8.020 Executing VM operation: G1CollectForAllocation done
Event: 8.067 Executing VM operation: G1CollectForAllocation

Events (20 events):
Event: 7.220 loading class java/util/stream/SortedOps$RefSortingSink
Event: 7.221 loading class java/util/stream/SortedOps$RefSortingSink done
Event: 7.264 loading class java/time/Ser
Event: 7.264 loading class java/time/Ser done
Event: 7.517 Thread 0x0000021bed1c4740 Thread added: 0x0000021bed1c4740
Event: 7.517 Thread 0x0000021bed1c2df0 Thread added: 0x0000021bed1c2df0
Event: 7.517 Thread 0x0000021bed1c5670 Thread added: 0x0000021bed1c5670
Event: 7.526 Thread 0x0000021bed1c0a80 Thread added: 0x0000021bed1c0a80
Event: 7.527 Thread 0x0000021bed1c4230 Thread added: 0x0000021bed1c4230
Event: 7.530 Thread 0x0000021bed1c3d20 Thread added: 0x0000021bed1c3d20
Event: 7.551 loading class java/lang/ProcessBuilder
Event: 7.551 loading class java/lang/ProcessBuilder done
Event: 7.585 loading class sun/misc/SharedSecrets
Event: 7.585 loading class sun/misc/SharedSecrets done
Event: 7.587 loading class jdk/internal/reflect/UnsafeObjectFieldAccessorImpl
Event: 7.587 loading class jdk/internal/reflect/UnsafeObjectFieldAccessorImpl done
Event: 7.873 loading class java/util/regex/Pattern$1
Event: 7.873 loading class java/util/regex/Pattern$1 done
Event: 8.067 loading class java/io/StringReader
Event: 8.067 loading class java/io/StringReader done


Dynamic libraries:
0x00007ff6c8070000 - 0x00007ff6c807a000 	E:\Android studio\jbr\bin\java.exe
0x00007ff8aac70000 - 0x00007ff8aae5e000 	C:\Windows\SYSTEM32\ntdll.dll
0x00007ff8a9550000 - 0x00007ff8a9603000 	C:\Windows\System32\KERNEL32.DLL
0x00007ff8a6cf0000 - 0x00007ff8a6f8d000 	C:\Windows\System32\KERNELBASE.dll
0x00007ff8a7010000 - 0x00007ff8a710a000 	C:\Windows\System32\ucrtbase.dll
0x00007ff8a2f90000 - 0x00007ff8a2fab000 	E:\Android studio\jbr\bin\VCRUNTIME140.dll
0x00007ff852290000 - 0x00007ff8522a7000 	E:\Android studio\jbr\bin\jli.dll
0x00007ff8a81d0000 - 0x00007ff8a8367000 	C:\Windows\System32\USER32.dll
0x00007ff8910a0000 - 0x00007ff891319000 	C:\Windows\WinSxS\amd64_microsoft.windows.common-controls_6595b64144ccf1df_6.0.17763.6293_none_de76a9f2534660ca\COMCTL32.dll
0x00007ff8a7dc0000 - 0x00007ff8a7de0000 	C:\Windows\System32\win32u.dll
0x00007ff8a81a0000 - 0x00007ff8a81c9000 	C:\Windows\System32\GDI32.dll
0x00007ff8a7e90000 - 0x00007ff8a7f2e000 	C:\Windows\System32\msvcrt.dll
0x00007ff8a7c10000 - 0x00007ff8a7db8000 	C:\Windows\System32\gdi32full.dll
0x00007ff8a71c0000 - 0x00007ff8a7260000 	C:\Windows\System32\msvcp_win.dll
0x00007ff8a8b00000 - 0x00007ff8a8e2a000 	C:\Windows\System32\combase.dll
0x00007ff8a90f0000 - 0x00007ff8a9208000 	C:\Windows\System32\RPCRT4.dll
0x00007ff8a7110000 - 0x00007ff8a7192000 	C:\Windows\System32\bcryptPrimitives.dll
0x00007ff8a8900000 - 0x00007ff8a892e000 	C:\Windows\System32\IMM32.DLL
0x00007ff8a2ff0000 - 0x00007ff8a2ffc000 	E:\Android studio\jbr\bin\vcruntime140_1.dll
0x00007ff87c0b0000 - 0x00007ff87c13d000 	E:\Android studio\jbr\bin\msvcp140.dll
0x00007ff82e0b0000 - 0x00007ff82ed33000 	E:\Android studio\jbr\bin\server\jvm.dll
0x00007ff8a8f90000 - 0x00007ff8a9038000 	C:\Windows\System32\ADVAPI32.dll
0x00007ff8a7f30000 - 0x00007ff8a7fd2000 	C:\Windows\System32\sechost.dll
0x00007ff8a6fe0000 - 0x00007ff8a7006000 	C:\Windows\System32\bcrypt.dll
0x00007ff8a6c40000 - 0x00007ff8a6c9d000 	C:\Windows\System32\POWRPROF.dll
0x00007ff8759d0000 - 0x00007ff8759d9000 	C:\Windows\SYSTEM32\WSOCK32.dll
0x00007ff8a94d0000 - 0x00007ff8a953d000 	C:\Windows\System32\WS2_32.dll
0x00007ff8a3350000 - 0x00007ff8a3374000 	C:\Windows\SYSTEM32\WINMM.dll
0x00007ff89be20000 - 0x00007ff89be2a000 	C:\Windows\SYSTEM32\VERSION.dll
0x00007ff8a3320000 - 0x00007ff8a334d000 	C:\Windows\SYSTEM32\WINMMBASE.dll
0x00007ff8a6f90000 - 0x00007ff8a6fda000 	C:\Windows\System32\cfgmgr32.dll
0x00007ff8a6c20000 - 0x00007ff8a6c31000 	C:\Windows\System32\kernel.appcore.dll
0x00007ff8a1bf0000 - 0x00007ff8a1bfa000 	E:\Android studio\jbr\bin\jimage.dll
0x00007ff8a1570000 - 0x00007ff8a175d000 	C:\Windows\SYSTEM32\DBGHELP.DLL
0x00007ff895c30000 - 0x00007ff895c5a000 	C:\Windows\SYSTEM32\dbgcore.DLL
0x00007ff8522b0000 - 0x00007ff8522be000 	E:\Android studio\jbr\bin\instrument.dll
0x00007ff852770000 - 0x00007ff852795000 	E:\Android studio\jbr\bin\java.dll
0x00007ff852750000 - 0x00007ff852768000 	E:\Android studio\jbr\bin\zip.dll
0x00007ff8a9740000 - 0x00007ff8aac38000 	C:\Windows\System32\SHELL32.dll
0x00007ff8a83d0000 - 0x00007ff8a8477000 	C:\Windows\System32\shcore.dll
0x00007ff8a7460000 - 0x00007ff8a7ba8000 	C:\Windows\System32\windows.storage.dll
0x00007ff8a6cc0000 - 0x00007ff8a6ce3000 	C:\Windows\System32\profapi.dll
0x00007ff8a9370000 - 0x00007ff8a93c2000 	C:\Windows\System32\shlwapi.dll
0x00007ff8a71a0000 - 0x00007ff8a71bb000 	C:\Windows\System32\cryptsp.dll
0x00007ff852730000 - 0x00007ff852749000 	E:\Android studio\jbr\bin\net.dll
0x00007ff899420000 - 0x00007ff89951d000 	C:\Windows\SYSTEM32\WINHTTP.dll
0x00007ff8a6470000 - 0x00007ff8a64d7000 	C:\Windows\system32\mswsock.dll
0x00007ff852710000 - 0x00007ff852726000 	E:\Android studio\jbr\bin\nio.dll
0x00007ff8522e0000 - 0x00007ff8522f0000 	E:\Android studio\jbr\bin\verify.dll
0x00007ff89ebb0000 - 0x00007ff89ebd7000 	C:\Users\Thang\.gradle\native\c067742578af261105cb4f569cf0c3c89f3d7b1fecec35dd04571415982c5e48\windows-amd64\native-platform.dll
0x00007ff85e600000 - 0x00007ff85e744000 	C:\Users\Thang\.gradle\native\38dada09dfb8b06ba9b0570ebf7e218e3eb74d4ef43ca46872605cf95ebc2f47\windows-amd64\native-platform-file-events.dll
0x00007ff852300000 - 0x00007ff852309000 	E:\Android studio\jbr\bin\management.dll
0x00007ff8522f0000 - 0x00007ff8522fb000 	E:\Android studio\jbr\bin\management_ext.dll
0x00007ff8a9210000 - 0x00007ff8a9218000 	C:\Windows\System32\PSAPI.DLL
0x00007ff8a5f30000 - 0x00007ff8a5f63000 	C:\Windows\system32\rsaenh.dll
0x00007ff8a6b50000 - 0x00007ff8a6b79000 	C:\Windows\SYSTEM32\USERENV.dll
0x00007ff8a6640000 - 0x00007ff8a664c000 	C:\Windows\SYSTEM32\CRYPTBASE.dll
0x00007ff8a6160000 - 0x00007ff8a619d000 	C:\Windows\SYSTEM32\IPHLPAPI.DLL
0x00007ff8a9540000 - 0x00007ff8a9548000 	C:\Windows\System32\NSI.dll
0x00007ff89a060000 - 0x00007ff89a076000 	C:\Windows\SYSTEM32\dhcpcsvc6.DLL
0x00007ff89a040000 - 0x00007ff89a05c000 	C:\Windows\SYSTEM32\dhcpcsvc.DLL
0x00007ff8a61a0000 - 0x00007ff8a6266000 	C:\Windows\SYSTEM32\DNSAPI.dll
0x00007ff891720000 - 0x00007ff891729000 	E:\Android studio\jbr\bin\extnet.dll
0x00007ff8a1be0000 - 0x00007ff8a1be7000 	C:\Windows\system32\wshunix.dll

dbghelp: loaded successfully - version: 4.0.5 - missing functions: none
symbol engine: initialized successfully - sym options: 0x614 - pdb path: .;E:\Android studio\jbr\bin;C:\Windows\SYSTEM32;C:\Windows\WinSxS\amd64_microsoft.windows.common-controls_6595b64144ccf1df_6.0.17763.6293_none_de76a9f2534660ca;E:\Android studio\jbr\bin\server;C:\Users\Thang\.gradle\native\c067742578af261105cb4f569cf0c3c89f3d7b1fecec35dd04571415982c5e48\windows-amd64;C:\Users\Thang\.gradle\native\38dada09dfb8b06ba9b0570ebf7e218e3eb74d4ef43ca46872605cf95ebc2f47\windows-amd64

VM Arguments:
jvm_args: --add-opens=java.base/java.util=ALL-UNNAMED --add-opens=java.base/java.lang=ALL-UNNAMED --add-opens=java.base/java.lang.invoke=ALL-UNNAMED --add-opens=java.prefs/java.util.prefs=ALL-UNNAMED --add-opens=java.base/java.nio.charset=ALL-UNNAMED --add-opens=java.base/java.net=ALL-UNNAMED --add-opens=java.base/java.util.concurrent.atomic=ALL-UNNAMED -Xmx2048m -Dfile.encoding=UTF-8 -Duser.country=US -Duser.language=en -Duser.variant -javaagent:C:\Users\Thang\.gradle\wrapper\dists\gradle-8.7-bin\bhs2wmbdwecv87pi65oeuq5iu\gradle-8.7\lib\agents\gradle-instrumentation-agent-8.7.jar 
java_command: org.gradle.launcher.daemon.bootstrap.GradleDaemon 8.7
java_class_path (initial): C:\Users\Thang\.gradle\wrapper\dists\gradle-8.7-bin\bhs2wmbdwecv87pi65oeuq5iu\gradle-8.7\lib\gradle-launcher-8.7.jar
Launcher Type: SUN_STANDARD

[Global flags]
     intx CICompilerCount                          = 3                                         {product} {ergonomic}
     uint ConcGCThreads                            = 1                                         {product} {ergonomic}
     uint G1ConcRefinementThreads                  = 4                                         {product} {ergonomic}
   size_t G1HeapRegionSize                         = 1048576                                   {product} {ergonomic}
    uintx GCDrainStackTargetSize                   = 64                                        {product} {ergonomic}
   size_t InitialHeapSize                          = 132120576                                 {product} {ergonomic}
   size_t MarkStackSize                            = 4194304                                   {product} {ergonomic}
   size_t MaxHeapSize                              = 2147483648                                {product} {command line}
   size_t MaxNewSize                               = 1287651328                                {product} {ergonomic}
   size_t MinHeapDeltaBytes                        = 1048576                                   {product} {ergonomic}
   size_t MinHeapSize                              = 8388608                                   {product} {ergonomic}
    uintx NonNMethodCodeHeapSize                   = 5832780                                {pd product} {ergonomic}
    uintx NonProfiledCodeHeapSize                  = 122912730                              {pd product} {ergonomic}
    uintx ProfiledCodeHeapSize                     = 122912730                              {pd product} {ergonomic}
    uintx ReservedCodeCacheSize                    = 251658240                              {pd product} {ergonomic}
     bool SegmentedCodeCache                       = true                                      {product} {ergonomic}
   size_t SoftMaxHeapSize                          = 2147483648                             {manageable} {ergonomic}
     bool UseCompressedClassPointers               = true                           {product lp64_product} {ergonomic}
     bool UseCompressedOops                        = true                           {product lp64_product} {ergonomic}
     bool UseG1GC                                  = true                                      {product} {ergonomic}
     bool UseLargePagesIndividualAllocation        = false                                  {pd product} {ergonomic}

Logging:
Log output configuration:
 #0: stdout all=warning uptime,level,tags
 #1: stderr all=off uptime,level,tags

Environment Variables:
PATH=C:\Program Files\Zulu\zulu-21\bin\;C:\Program Files\Common Files\Oracle\Java\javapath;C:\Program Files (x86)\Common Files\Oracle\Java\javapath;C:\Windows\system32;C:\Windows;C:\Windows\System32\Wbem;C:\Windows\System32\WindowsPowerShell\v1.0\;C:\Windows\System32\OpenSSH\;C:\Program Files\Intel\WiFi\bin\;C:\Program Files\Common Files\Intel\WirelessCommon\;C:\Program Files\Microsoft SQL Server\Client SDK\ODBC\170\Tools\Binn\;C:\Program Files (x86)\Microsoft SQL Server\150\Tools\Binn\;C:\Program Files\Microsoft SQL Server\150\Tools\Binn\;C:\Program Files\Microsoft SQL Server\150\DTS\Binn\;C:\Program Files (x86)\Microsoft SQL Server\150\DTS\Binn\;C:\Program Files\Git\cmd;C:\xampp\php;C:\ProgramData\ComposerSetup\bin;C:\Program Files\dotnet\;C:\Program Files\Cloudflare\Cloudflare WARP\;C:\Program Files\nodejs\;C:\Users\Thang\scoop\shims;C:\Users\Thang\.cargo\bin;C:\Users\Thang\AppData\Local\Microsoft\WindowsApps;C:\Users\Thang\.dotnet\tools;C:\Program Files\Azure Data Studio\bin;C:\Users\Thang\AppData\Local\Programs\Microsoft VS Code\bin;C:\Users\Thang\AppData\Roaming\Composer\vendor\bin;C:\Users\Thang\AppData\Local\GitHubDesktop\bin;C:\Users\Thang\.dotnet\tools;C:\Users\Thang\AppData\Roaming\npm;C:\Users\Thang\AppData\Local\Android\Sdk\platform-tools
USERNAME=Thang
OS=Windows_NT
PROCESSOR_IDENTIFIER=Intel64 Family 6 Model 142 Stepping 11, GenuineIntel
TMP=C:\Users\Thang\AppData\Local\Temp
TEMP=C:\Users\Thang\AppData\Local\Temp



Periodic native trim disabled

JNI global refs:
JNI global refs: 25, weak refs: 0

JNI global refs memory usage: 843, weak refs: 841

Process memory usage:
Resident Set Size: 301628K (3% of 8237868K total physical memory with 427212K free physical memory)

OOME stack traces (most recent first):
Classloader memory used:
Loader org.gradle.internal.classloader.VisitableURLClassLoader                         : 3513K
Loader bootstrap                                                                       : 2471K
Loader org.gradle.initialization.MixInLegacyTypesClassLoader                           : 1117K
Loader org.gradle.internal.classloader.VisitableURLClassLoader$InstrumentingVisitableURLClassLoader: 278K
Loader jdk.internal.loader.ClassLoaders$PlatformClassLoader                            : 65602B
Loader jdk.internal.loader.ClassLoaders$AppClassLoader                                 : 28714B
Loader jdk.internal.reflect.DelegatingClassLoader                                      : 22663B
Loader org.gradle.internal.classloader.VisitableURLClassLoader                         : 20160B

Classes loaded by more than one classloader:
Class Program                                                                         : loaded 4 times (x 72B)
Class com.google.common.collect.Iterators$MergingIterator                             : loaded 2 times (x 79B)
Class [Lcom.google.common.collect.AbstractMapEntry;                                   : loaded 2 times (x 67B)
Class com.google.common.collect.SingletonImmutableList                                : loaded 2 times (x 167B)
Class org.gradle.internal.classpath.ClassPath                                         : loaded 2 times (x 68B)
Class org.gradle.api.internal.classpath.DefaultModuleRegistry                         : loaded 2 times (x 84B)
Class Settings_gradle$1$1                                                             : loaded 2 times (x 72B)
Class com.google.common.collect.ListMultimap                                          : loaded 2 times (x 68B)
Class com.google.common.base.CharMatcher$JavaDigit                                    : loaded 2 times (x 109B)
Class com.google.common.base.CharMatcher$Digit                                        : loaded 2 times (x 110B)
Class com.google.common.collect.AbstractMultimap                                      : loaded 2 times (x 121B)
Class org.gradle.api.Action                                                           : loaded 2 times (x 68B)
Class com.google.common.collect.ImmutableEntry                                        : loaded 2 times (x 80B)
Class com.google.common.collect.Lists$StringAsImmutableList                           : loaded 2 times (x 167B)
Class com.google.common.base.CharMatcher                                              : loaded 2 times (x 109B)
Class com.google.common.base.CharMatcher$IsNot                                        : loaded 2 times (x 109B)
Class com.google.common.base.Splitter                                                 : loaded 2 times (x 70B)
Class com.google.common.collect.Iterators$ArrayItr                                    : loaded 2 times (x 95B)
Class org.gradle.api.internal.DefaultClassPathProvider                                : loaded 2 times (x 74B)
Class org.gradle.internal.installation.GradleInstallation$1                           : loaded 2 times (x 73B)
Class com.google.common.base.CharMatcher$BitSetMatcher                                : loaded 2 times (x 110B)
Class com.google.common.collect.ImmutableMap$IteratorBasedImmutableMap                : loaded 2 times (x 123B)
Class com.google.common.collect.ImmutableMap                                          : loaded 2 times (x 118B)
Class com.google.common.base.Converter                                                : loaded 2 times (x 88B)
Class com.google.common.collect.ImmutableSet$EmptySetBuilderImpl                      : loaded 2 times (x 74B)
Class com.google.common.base.Predicate                                                : loaded 2 times (x 68B)
Class org.gradle.internal.classloader.FilteringClassLoader                            : loaded 2 times (x 103B)
Class com.google.common.collect.RegularImmutableSet                                   : loaded 2 times (x 146B)
Class org.gradle.internal.classpath.DefaultClassPath$ImmutableUniqueList$Builder      : loaded 2 times (x 73B)
Class com.google.common.collect.Maps$8                                                : loaded 2 times (x 80B)
Class com.google.common.base.PatternCompiler                                          : loaded 2 times (x 68B)
Class com.google.common.base.CharMatcher$InRange                                      : loaded 2 times (x 109B)
Class com.google.common.collect.BiMap                                                 : loaded 2 times (x 68B)
Class com.google.common.collect.Lists                                                 : loaded 2 times (x 69B)
Class com.google.common.math.IntMath$1                                                : loaded 2 times (x 69B)
Class org.gradle.internal.classloader.ClassLoaderVisitor                              : loaded 2 times (x 74B)
Class com.google.common.math.MathPreconditions                                        : loaded 2 times (x 69B)
Class org.gradle.internal.service.DefaultServiceLocator                               : loaded 2 times (x 81B)
Class org.gradle.internal.service.UnknownServiceException                             : loaded 2 times (x 81B)
Class com.google.common.collect.ArrayListMultimap                                     : loaded 2 times (x 170B)
Class com.google.common.base.Strings                                                  : loaded 2 times (x 69B)
Class org.gradle.internal.classloader.DefaultClassLoaderFactory                       : loaded 2 times (x 80B)
Class com.google.common.collect.UnmodifiableIterator                                  : loaded 2 times (x 78B)
Class com.google.common.base.Platform$JdkPatternCompiler                              : loaded 2 times (x 73B)
Class com.google.common.base.CharMatcher$SingleWidth                                  : loaded 2 times (x 110B)
Class com.google.common.collect.Hashing                                               : loaded 2 times (x 69B)
Class com.google.common.base.JdkPattern                                               : loaded 2 times (x 73B)
Class com.google.common.collect.Multimap                                              : loaded 2 times (x 68B)
Class org.gradle.internal.classloader.VisitableURLClassLoader$Spec                    : loaded 2 times (x 72B)
Class org.gradle.api.GradleException                                                  : loaded 2 times (x 80B)
Class com.google.common.base.CharMatcher$JavaLetterOrDigit                            : loaded 2 times (x 109B)
Class org.gradle.api.internal.classpath.ModuleRegistry                                : loaded 2 times (x 68B)
Class com.google.common.collect.ImmutableCollection                                   : loaded 2 times (x 123B)
Class org.gradle.api.internal.ClassPathProvider                                       : loaded 2 times (x 68B)
Class com.google.common.collect.RegularImmutableMap$Values                            : loaded 2 times (x 167B)
Class org.gradle.internal.classloader.ClasspathUtil$1                                 : loaded 2 times (x 74B)
Class com.google.common.collect.ImmutableEnumMap                                      : loaded 2 times (x 123B)
Class com.google.common.collect.ImmutableList$ReverseImmutableList                    : loaded 2 times (x 168B)
Class org.gradle.internal.classloader.ClassLoaderFactory                              : loaded 2 times (x 68B)
Class com.google.common.collect.ObjectArrays                                          : loaded 2 times (x 69B)
Class com.google.common.collect.Iterators$10                                          : loaded 2 times (x 79B)
Class com.google.common.collect.ImmutableList                                         : loaded 2 times (x 166B)
Class org.gradle.api.internal.classpath.ManifestUtil                                  : loaded 2 times (x 69B)
Class org.gradle.api.specs.Spec                                                       : loaded 2 times (x 68B)
Class com.google.common.base.CharMatcher$Whitespace                                   : loaded 2 times (x 110B)
Class com.google.common.collect.Iterators$1                                           : loaded 2 times (x 79B)
Class com.google.common.collect.Iterators$4                                           : loaded 2 times (x 80B)
Class com.google.common.collect.RegularImmutableMap$BucketOverflowException           : loaded 2 times (x 80B)
Class com.google.common.collect.Iterators$5                                           : loaded 2 times (x 80B)
Class com.google.common.base.Preconditions                                            : loaded 2 times (x 69B)
Class com.google.common.base.Function                                                 : loaded 2 times (x 68B)
Class com.google.common.collect.Iterators$9                                           : loaded 2 times (x 79B)
Class org.gradle.internal.IoActions                                                   : loaded 2 times (x 69B)
Class com.google.common.collect.RegularImmutableMap$KeySet                            : loaded 2 times (x 148B)
Class com.google.common.collect.CollectPreconditions                                  : loaded 2 times (x 69B)
Class com.google.common.collect.Maps                                                  : loaded 2 times (x 69B)
Class com.google.common.collect.RegularImmutableMap                                   : loaded 2 times (x 119B)
Class com.google.common.collect.AbstractIndexedListIterator                           : loaded 2 times (x 94B)
Class com.google.common.base.CharMatcher$None                                         : loaded 2 times (x 110B)
Class org.gradle.api.internal.classpath.EffectiveClassPath                            : loaded 2 times (x 88B)
Class com.google.common.collect.UnmodifiableListIterator                              : loaded 2 times (x 93B)
Class com.google.common.collect.ImmutableList$1                                       : loaded 2 times (x 95B)
Class com.google.common.base.Splitter$Strategy                                        : loaded 2 times (x 68B)
Class com.google.common.collect.ImmutableMapEntrySet$RegularEntrySet                  : loaded 2 times (x 149B)
Class [Lcom.google.common.collect.ImmutableMapEntry;                                  : loaded 2 times (x 67B)
Class org.gradle.internal.installation.CurrentGradleInstallation                      : loaded 2 times (x 71B)
Class org.gradle.internal.agents.InstrumentingClassLoader                             : loaded 2 times (x 68B)
Class org.gradle.internal.installation.CurrentGradleInstallationLocator               : loaded 2 times (x 69B)
Class org.gradle.api.internal.classpath.Module                                        : loaded 2 times (x 68B)
Class com.google.common.base.Splitter$1$1                                             : loaded 2 times (x 84B)
Class com.google.common.collect.ImmutableSet$JdkBackedSetBuilderImpl                  : loaded 2 times (x 74B)
Class com.google.common.collect.ImmutableSet$RegularSetBuilderImpl                    : loaded 2 times (x 75B)
Class org.gradle.internal.service.CachingServiceLocator                               : loaded 2 times (x 80B)
Class [Lcom.google.common.collect.ImmutableEntry;                                     : loaded 2 times (x 67B)
Class org.gradle.internal.classpath.DefaultClassPath                                  : loaded 2 times (x 88B)
Class com.google.common.base.Splitter$SplittingIterator                               : loaded 2 times (x 82B)
Class Build_gradle$1                                                                  : loaded 2 times (x 76B)
Class com.google.common.base.CharMatcher$Is                                           : loaded 2 times (x 109B)
Class com.google.common.base.Platform                                                 : loaded 2 times (x 69B)
Class com.google.common.collect.RegularImmutableAsList                                : loaded 2 times (x 176B)
Class com.google.common.collect.PeekingIterator                                       : loaded 2 times (x 68B)
Class com.google.common.collect.ImmutableMapEntrySet                                  : loaded 2 times (x 149B)
Class com.google.common.collect.ImmutableBiMapFauxverideShim                          : loaded 2 times (x 118B)
Class org.gradle.internal.classloader.SystemClassLoaderSpec                           : loaded 2 times (x 69B)
Class com.google.common.collect.SingletonImmutableSet                                 : loaded 2 times (x 144B)
Class [Lcom.google.common.base.AbstractIterator$State;                                : loaded 2 times (x 67B)
Class com.google.common.collect.ImmutableMap$Builder                                  : loaded 2 times (x 80B)
Class com.google.common.base.AbstractIterator                                         : loaded 2 times (x 78B)
Class com.google.common.base.AbstractIterator$1                                       : loaded 2 times (x 69B)
Class com.google.common.collect.Iterators                                             : loaded 2 times (x 69B)
Class com.google.common.base.CharMatcher$1                                            : loaded 2 times (x 111B)
Class com.google.common.base.CharMatcher$Ascii                                        : loaded 2 times (x 110B)
Class org.gradle.api.UncheckedIOException                                             : loaded 2 times (x 80B)
Class com.google.common.base.CharMatcher$And                                          : loaded 2 times (x 110B)
Class com.google.common.collect.IndexedImmutableSet                                   : loaded 2 times (x 148B)
Class com.google.common.collect.AbstractListMultimap                                  : loaded 2 times (x 170B)
Class com.google.common.base.CharMatcher$Any                                          : loaded 2 times (x 110B)
Class org.gradle.internal.installation.GradleInstallation                             : loaded 2 times (x 73B)
Class com.google.common.collect.ArrayListMultimapGwtSerializationDependencies         : loaded 2 times (x 170B)
Class com.google.common.base.CharMatcher$RangesMatcher                                : loaded 2 times (x 110B)
Class com.google.common.collect.ImmutableList$SubList                                 : loaded 2 times (x 168B)
Class org.gradle.internal.classloader.ClasspathUtil                                   : loaded 2 times (x 69B)
Class com.google.common.base.Splitter$1                                               : loaded 2 times (x 75B)
Class com.google.common.collect.Maps$BiMapConverter                                   : loaded 2 times (x 88B)
Class org.gradle.api.internal.DefaultClassPathRegistry                                : loaded 2 times (x 74B)
Class com.google.common.collect.ImmutableSet$SetBuilderImpl                           : loaded 2 times (x 74B)
Class org.gradle.api.internal.classpath.DefaultModuleRegistry$DefaultModule           : loaded 2 times (x 84B)
Class com.google.common.base.CharMatcher$JavaIsoControl                               : loaded 2 times (x 110B)
Class com.google.common.collect.ImmutableMap$1                                        : loaded 2 times (x 79B)
Class com.google.common.base.CharMatcher$Or                                           : loaded 2 times (x 110B)
Class org.gradle.kotlin.dsl.VersionCatalogAccessorsKt                                 : loaded 2 times (x 69B)
Class com.google.common.collect.Iterables                                             : loaded 2 times (x 69B)
Class com.google.common.base.CharMatcher$JavaLowerCase                                : loaded 2 times (x 109B)
Class org.gradle.api.internal.classpath.UnknownModuleException                        : loaded 2 times (x 80B)
Class com.google.common.collect.Maps$EntryTransformer                                 : loaded 2 times (x 68B)
Class com.google.common.collect.ImmutableCollection$Builder                           : loaded 2 times (x 74B)
Class com.google.common.base.CommonPattern                                            : loaded 2 times (x 72B)
Class org.gradle.internal.service.ServiceLookupException                              : loaded 2 times (x 80B)
Class org.gradle.cache.GlobalCache                                                    : loaded 2 times (x 68B)
Class com.google.common.base.CharMatcher$NegatedFastMatcher                           : loaded 2 times (x 111B)
Class [Lorg.gradle.api.internal.ClassPathProvider;                                    : loaded 2 times (x 67B)
Class org.gradle.util.internal.GUtil                                                  : loaded 2 times (x 69B)
Class com.google.common.math.IntMath                                                  : loaded 2 times (x 69B)
Class com.google.common.collect.AbstractIterator                                      : loaded 2 times (x 80B)
Class org.gradle.internal.classloader.ClassLoaderSpec                                 : loaded 2 times (x 69B)
Class com.google.common.base.NullnessCasts                                            : loaded 2 times (x 69B)
Class com.google.common.collect.AbstractMapEntry                                      : loaded 2 times (x 79B)
Class com.google.common.base.CharMatcher$Negated                                      : loaded 2 times (x 111B)
Class com.google.common.collect.ImmutableSet$Builder                                  : loaded 2 times (x 83B)
Class com.google.common.base.CharMatcher$ForPredicate                                 : loaded 2 times (x 110B)
Class com.google.common.collect.ImmutableMap$MapViewOfValuesAsSingletonSets           : loaded 2 times (x 123B)
Class com.google.common.collect.SortedMapDifference                                   : loaded 2 times (x 68B)
Class org.gradle.internal.classloader.VisitableURLClassLoader                         : loaded 2 times (x 115B)
Class com.google.common.collect.ImmutableBiMap                                        : loaded 2 times (x 141B)
Class org.gradle.internal.Cast                                                        : loaded 2 times (x 69B)
Class Build_gradle                                                                    : loaded 2 times (x 70B)
Class org.gradle.api.internal.ClassPathRegistry                                       : loaded 2 times (x 68B)
Class com.google.common.collect.ImmutableSet                                          : loaded 2 times (x 143B)
Class org.gradle.internal.classloader.VisitableURLClassLoader$InstrumentingVisitableURLClassLoader: loaded 2 times (x 121B)
Class org.gradle.internal.classloader.ClassLoaderHierarchy                            : loaded 2 times (x 68B)
Class com.google.common.base.AbstractIterator$State                                   : loaded 2 times (x 77B)
Class com.google.common.base.CharMatcher$NamedFastMatcher                             : loaded 2 times (x 110B)
Class org.gradle.internal.InternalTransformer                                         : loaded 2 times (x 68B)
Class org.gradle.internal.service.ServiceLocator                                      : loaded 2 times (x 68B)
Class Settings_gradle$1                                                               : loaded 2 times (x 72B)
Class com.google.common.collect.ImmutableMapEntry                                     : loaded 2 times (x 83B)
Class com.google.common.base.CharMatcher$Invisible                                    : loaded 2 times (x 110B)
Class com.google.common.base.CharMatcher$FastMatcher                                  : loaded 2 times (x 109B)
Class org.gradle.internal.classpath.DefaultClassPath$ImmutableUniqueList              : loaded 2 times (x 159B)
Class com.google.common.base.CharMatcher$JavaLetter                                   : loaded 2 times (x 109B)
Class org.gradle.internal.classpath.TransformedClassPath                              : loaded 2 times (x 94B)
Class com.google.common.collect.MapDifference                                         : loaded 2 times (x 68B)
Class Settings_gradle                                                                 : loaded 2 times (x 126B)
Class com.google.common.collect.Platform                                              : loaded 2 times (x 69B)
Class com.google.common.collect.ImmutableAsList                                       : loaded 2 times (x 169B)
Class com.google.common.base.CharMatcher$AnyOf                                        : loaded 2 times (x 110B)
Class com.google.common.base.CharMatcher$IsEither                                     : loaded 2 times (x 109B)
Class com.google.common.collect.RegularImmutableList                                  : loaded 2 times (x 172B)
Class com.google.common.base.CharMatcher$JavaUpperCase                                : loaded 2 times (x 109B)
Class com.google.common.collect.Multiset                                              : loaded 2 times (x 68B)
Class com.google.common.collect.ImmutableSet$CachingAsList                            : loaded 2 times (x 145B)
Class com.google.common.collect.ImmutableMapEntry$NonTerminalImmutableMapEntry        : loaded 2 times (x 83B)
Class com.google.common.collect.AbstractMapBasedMultimap                              : loaded 2 times (x 137B)


---------------  S Y S T E M  ---------------

OS:
 Windows 10 , 64 bit Build 17763 (10.0.17763.6292)
OS uptime: 0 days 1:29 hours

CPU: total 4 (initial active 4) (2 cores per cpu, 2 threads per core) family 6 model 142 stepping 11 microcode 0xde, cx8, cmov, fxsr, ht, mmx, 3dnowpref, sse, sse2, sse3, ssse3, sse4.1, sse4.2, popcnt, lzcnt, tsc, tscinvbit, avx, avx2, aes, erms, clmul, bmi1, bmi2, adx, fma, vzeroupper, clflush, clflushopt
Processor Information for all 4 processors :
  Max Mhz: 2304, Current Mhz: 2103, Mhz Limit: 2096

Memory: 4k page, system-wide physical 8044M (417M free)
TotalPageFile size 16044M (AvailPageFile size 26M)
current process WorkingSet (physical memory assigned to process): 294M, peak: 294M
current process commit charge ("private bytes"): 340M, peak: 431M

vm_info: OpenJDK 64-Bit Server VM (17.0.11+0--11852314) for windows-amd64 JRE (17.0.11+0--11852314), built on May 16 2024 21:29:20 by "androidbuild" with MS VC++ 16.10 / 16.11 (VS2019)

END.
