#
# There is insufficient memory for the Java Runtime Environment to continue.
# Native memory allocation (malloc) failed to allocate 1488624 bytes. Error detail: Chunk::new
# Possible reasons:
#   The system is out of physical RAM or swap space
#   This process is running with CompressedOops enabled, and the Java Heap may be blocking the growth of the native heap
# Possible solutions:
#   Reduce memory load on the system
#   Increase physical memory or swap space
#   Check if swap backing store is full
#   Decrease Java heap size (-Xmx/-Xms)
#   Decrease number of Java threads
#   Decrease Java thread stack sizes (-Xss)
#   Set larger code cache with -XX:ReservedCodeCacheSize=
#   JVM is running with Unscaled Compressed Oops mode in which the Java heap is
#     placed in the first 4GB address space. The Java Heap base address is the
#     maximum limit for the native heap growth. Please use -XX:HeapBaseMinAddress
#     to set the Java Heap base and to place the Java Heap above 4GB virtual address.
# This output file may be truncated or incomplete.
#
#  Out of Memory Error (arena.cpp:191), pid=11040, tid=2064
#
# JRE version: OpenJDK Runtime Environment (17.0.11) (build 17.0.11+0--11852314)
# Java VM: OpenJDK 64-Bit Server VM (17.0.11+0--11852314, mixed mode, tiered, compressed oops, compressed class ptrs, g1 gc, windows-amd64)
# No core dump will be written. Minidumps are not enabled by default on client versions of Windows
#

---------------  S U M M A R Y ------------

Command Line: --add-opens=java.base/java.util=ALL-UNNAMED --add-opens=java.base/java.lang=ALL-UNNAMED --add-opens=java.base/java.lang.invoke=ALL-UNNAMED --add-opens=java.prefs/java.util.prefs=ALL-UNNAMED --add-opens=java.base/java.nio.charset=ALL-UNNAMED --add-opens=java.base/java.net=ALL-UNNAMED --add-opens=java.base/java.util.concurrent.atomic=ALL-UNNAMED -Xmx2048m -Dfile.encoding=UTF-8 -Duser.country=US -Duser.language=en -Duser.variant -javaagent:C:\Users\Thang\.gradle\wrapper\dists\gradle-8.7-bin\bhs2wmbdwecv87pi65oeuq5iu\gradle-8.7\lib\agents\gradle-instrumentation-agent-8.7.jar org.gradle.launcher.daemon.bootstrap.GradleDaemon 8.7

Host: Intel(R) Core(TM) i3-8145U CPU @ 2.10GHz, 4 cores, 7G,  Windows 10 , 64 bit Build 17763 (10.0.17763.6292)
Time: Sun Oct  6 16:14:29 2024 SE Asia Standard Time elapsed time: 5.754938 seconds (0d 0h 0m 5s)

---------------  T H R E A D  ---------------

Current thread (0x000001b5b99acd80):  JavaThread "C2 CompilerThread1" daemon [_thread_in_native, id=2064, stack(0x0000003fdb100000,0x0000003fdb200000)]


Current CompileTask:
C2:   5755 4053   !   4       java.net.URLClassLoader$1::run (81 bytes)

Stack: [0x0000003fdb100000,0x0000003fdb200000]
Native frames: (J=compiled Java code, j=interpreted, Vv=VM code, C=native code)
V  [jvm.dll+0x687bb9]
V  [jvm.dll+0x84142a]
V  [jvm.dll+0x8430ae]
V  [jvm.dll+0x843713]
V  [jvm.dll+0x24a35f]
V  [jvm.dll+0xac544]
V  [jvm.dll+0xacb8c]
V  [jvm.dll+0x369c37]
V  [jvm.dll+0x1be312]
V  [jvm.dll+0x21c029]
V  [jvm.dll+0x21b311]
V  [jvm.dll+0x1a63ed]
V  [jvm.dll+0x22b1ee]
V  [jvm.dll+0x229375]
V  [jvm.dll+0x7f5647]
V  [jvm.dll+0x7efa4a]
V  [jvm.dll+0x686a35]
C  [ucrtbase.dll+0x2268a]
C  [KERNEL32.DLL+0x17ac4]
C  [ntdll.dll+0x5a8c1]


---------------  P R O C E S S  ---------------

Threads class SMR info:
_java_thread_list=0x000001b5ba5d5e60, length=33, elements={
0x000001b598f8dbe0, 0x000001b5b258e950, 0x000001b5b26d8920, 0x000001b5b27184e0,
0x000001b5b2719fc0, 0x000001b5b271c9a0, 0x000001b5b271d270, 0x000001b5b271de70,
0x000001b5b2729c90, 0x000001b5b274ed60, 0x000001b5b2839e90, 0x000001b5b2993020,
0x000001b5b7fc6be0, 0x000001b5b80323f0, 0x000001b5b89e7aa0, 0x000001b5b7fa4050,
0x000001b5b894e0f0, 0x000001b5b849d3d0, 0x000001b5b847fb50, 0x000001b5b8a735d0,
0x000001b5b8bc2570, 0x000001b5b8bc2a80, 0x000001b5b8bc2f90, 0x000001b5b8bc4df0,
0x000001b5b8bc34a0, 0x000001b5b99acd80, 0x000001b5b8bc48e0, 0x000001b5b9842ad0,
0x000001b5b9842fe0, 0x000001b5b983dee0, 0x000001b5b983fd40, 0x000001b5b983f830,
0x000001b5b983c080
}

Java Threads: ( => current thread )
  0x000001b598f8dbe0 JavaThread "main" [_thread_blocked, id=14968, stack(0x0000003fd8e00000,0x0000003fd8f00000)]
  0x000001b5b258e950 JavaThread "Reference Handler" daemon [_thread_blocked, id=16152, stack(0x0000003fd9500000,0x0000003fd9600000)]
  0x000001b5b26d8920 JavaThread "Finalizer" daemon [_thread_blocked, id=1932, stack(0x0000003fd9600000,0x0000003fd9700000)]
  0x000001b5b27184e0 JavaThread "Signal Dispatcher" daemon [_thread_blocked, id=14952, stack(0x0000003fd9700000,0x0000003fd9800000)]
  0x000001b5b2719fc0 JavaThread "Attach Listener" daemon [_thread_blocked, id=16164, stack(0x0000003fd9800000,0x0000003fd9900000)]
  0x000001b5b271c9a0 JavaThread "Service Thread" daemon [_thread_blocked, id=17016, stack(0x0000003fd9900000,0x0000003fd9a00000)]
  0x000001b5b271d270 JavaThread "Monitor Deflation Thread" daemon [_thread_blocked, id=196, stack(0x0000003fd9a00000,0x0000003fd9b00000)]
  0x000001b5b271de70 JavaThread "C2 CompilerThread0" daemon [_thread_in_native, id=11464, stack(0x0000003fd9b00000,0x0000003fd9c00000)]
  0x000001b5b2729c90 JavaThread "C1 CompilerThread0" daemon [_thread_blocked, id=16484, stack(0x0000003fd9c00000,0x0000003fd9d00000)]
  0x000001b5b274ed60 JavaThread "Sweeper thread" daemon [_thread_blocked, id=13524, stack(0x0000003fd9d00000,0x0000003fd9e00000)]
  0x000001b5b2839e90 JavaThread "Common-Cleaner" daemon [_thread_blocked, id=1440, stack(0x0000003fd9e00000,0x0000003fd9f00000)]
  0x000001b5b2993020 JavaThread "Notification Thread" daemon [_thread_blocked, id=8144, stack(0x0000003fd9f00000,0x0000003fda000000)]
  0x000001b5b7fc6be0 JavaThread "Daemon health stats" [_thread_blocked, id=15916, stack(0x0000003fda500000,0x0000003fda600000)]
  0x000001b5b80323f0 JavaThread "Incoming local TCP Connector on port 55089" [_thread_in_native, id=17288, stack(0x0000003fda600000,0x0000003fda700000)]
  0x000001b5b89e7aa0 JavaThread "Daemon periodic checks" [_thread_blocked, id=7360, stack(0x0000003fda700000,0x0000003fda800000)]
  0x000001b5b7fa4050 JavaThread "Daemon" [_thread_blocked, id=15628, stack(0x0000003fda800000,0x0000003fda900000)]
  0x000001b5b894e0f0 JavaThread "Handler for socket connection from /127.0.0.1:55089 to /127.0.0.1:55091" [_thread_in_native, id=3572, stack(0x0000003fda900000,0x0000003fdaa00000)]
  0x000001b5b849d3d0 JavaThread "Cancel handler" [_thread_blocked, id=16168, stack(0x0000003fdaa00000,0x0000003fdab00000)]
  0x000001b5b847fb50 JavaThread "Daemon worker" [_thread_in_Java, id=15584, stack(0x0000003fdab00000,0x0000003fdac00000)]
  0x000001b5b8a735d0 JavaThread "Asynchronous log dispatcher for DefaultDaemonConnection: socket connection from /127.0.0.1:55089 to /127.0.0.1:55091" [_thread_blocked, id=6308, stack(0x0000003fdac00000,0x0000003fdad00000)]
  0x000001b5b8bc2570 JavaThread "Stdin handler" [_thread_blocked, id=8664, stack(0x0000003fdad00000,0x0000003fdae00000)]
  0x000001b5b8bc2a80 JavaThread "Daemon client event forwarder" [_thread_blocked, id=4176, stack(0x0000003fdae00000,0x0000003fdaf00000)]
  0x000001b5b8bc2f90 JavaThread "Cache worker for journal cache (C:\Users\Thang\.gradle\caches\journal-1)" [_thread_blocked, id=8772, stack(0x0000003fda100000,0x0000003fda200000)]
  0x000001b5b8bc4df0 JavaThread "File lock request listener" [_thread_in_native, id=1500, stack(0x0000003fdaf00000,0x0000003fdb000000)]
  0x000001b5b8bc34a0 JavaThread "Cache worker for file hash cache (C:\Users\Thang\.gradle\caches\8.7\fileHashes)" [_thread_blocked, id=15788, stack(0x0000003fdb000000,0x0000003fdb100000)]
=>0x000001b5b99acd80 JavaThread "C2 CompilerThread1" daemon [_thread_in_native, id=2064, stack(0x0000003fdb100000,0x0000003fdb200000)]
  0x000001b5b8bc48e0 JavaThread "Cache worker for file hash cache (C:\Users\Thang\Desktop\KOTLIN_APP\.gradle\8.7\fileHashes)" [_thread_blocked, id=5560, stack(0x0000003fdb200000,0x0000003fdb300000)]
  0x000001b5b9842ad0 JavaThread "File watcher server" daemon [_thread_in_native, id=4612, stack(0x0000003fdb300000,0x0000003fdb400000)]
  0x000001b5b9842fe0 JavaThread "File watcher consumer" daemon [_thread_blocked, id=7504, stack(0x0000003fdb400000,0x0000003fdb500000)]
  0x000001b5b983dee0 JavaThread "Cache worker for checksums cache (C:\Users\Thang\Desktop\KOTLIN_APP\.gradle\8.7\checksums)" [_thread_blocked, id=6988, stack(0x0000003fdb500000,0x0000003fdb600000)]
  0x000001b5b983fd40 JavaThread "Cache worker for cache directory md-supplier (C:\Users\Thang\.gradle\caches\8.7\md-supplier)" [_thread_blocked, id=4900, stack(0x0000003fdb600000,0x0000003fdb700000)]
  0x000001b5b983f830 JavaThread "Cache worker for cache directory md-rule (C:\Users\Thang\.gradle\caches\8.7\md-rule)" [_thread_blocked, id=4596, stack(0x0000003fdb700000,0x0000003fdb800000)]
  0x000001b5b983c080 JavaThread "Cache worker for file content cache (C:\Users\Thang\.gradle\caches\8.7\fileContent)" [_thread_blocked, id=13336, stack(0x0000003fdb800000,0x0000003fdb900000)]

Other Threads:
  0x000001b5b25596d0 VMThread "VM Thread" [stack: 0x0000003fd9400000,0x0000003fd9500000] [id=12724]
  0x000001b5b2a5bfa0 WatcherThread [stack: 0x0000003fda000000,0x0000003fda100000] [id=11384]
  0x000001b598fedeb0 GCTaskThread "GC Thread#0" [stack: 0x0000003fd8f00000,0x0000003fd9000000] [id=14796]
  0x000001b5b70c1100 GCTaskThread "GC Thread#1" [stack: 0x0000003fda200000,0x0000003fda300000] [id=2136]
  0x000001b5b70f3410 GCTaskThread "GC Thread#2" [stack: 0x0000003fda300000,0x0000003fda400000] [id=14028]
  0x000001b5b7f15c50 GCTaskThread "GC Thread#3" [stack: 0x0000003fda400000,0x0000003fda500000] [id=5912]
  0x000001b598ffed10 ConcurrentGCThread "G1 Main Marker" [stack: 0x0000003fd9000000,0x0000003fd9100000] [id=4276]
  0x000001b599000200 ConcurrentGCThread "G1 Conc#0" [stack: 0x0000003fd9100000,0x0000003fd9200000] [id=15508]
  0x000001b59903d640 ConcurrentGCThread "G1 Refine#0" [stack: 0x0000003fd9200000,0x0000003fd9300000] [id=13616]
  0x000001b5b9e02290 ConcurrentGCThread "G1 Refine#1" [stack: 0x0000003fdb900000,0x0000003fdba00000] [id=12312]
  0x000001b59903df80 ConcurrentGCThread "G1 Service" [stack: 0x0000003fd9300000,0x0000003fd9400000] [id=15848]

Threads with active compile tasks:
C2 CompilerThread0     5907 4051   !   4       java.net.URLClassLoader::findClass (47 bytes)
C2 CompilerThread1     5907 4053   !   4       java.net.URLClassLoader$1::run (81 bytes)

VM state: not at safepoint (normal execution)

VM Mutex/Monitor currently owned by a thread: None

Heap address: 0x0000000080000000, size: 2048 MB, Compressed Oops mode: 32-bit

CDS archive(s) not mapped
Compressed class space mapped at: 0x0000000100000000-0x0000000140000000, reserved size: 1073741824
Narrow klass base: 0x0000000000000000, Narrow klass shift: 3, Narrow klass range: 0x140000000

GC Precious Log:
 CPUs: 4 total, 4 available
 Memory: 8044M
 Large Page Support: Disabled
 NUMA Support: Disabled
 Compressed Oops: Enabled (32-bit)
 Heap Region Size: 1M
 Heap Min Capacity: 8M
 Heap Initial Capacity: 126M
 Heap Max Capacity: 2G
 Pre-touch: Disabled
 Parallel Workers: 4
 Concurrent Workers: 1
 Concurrent Refinement Workers: 4
 Periodic GC: Disabled

Heap:
 garbage-first heap   total 86016K, used 50978K [0x0000000080000000, 0x0000000100000000)
  region size 1024K, 24 young (24576K), 4 survivors (4096K)
 Metaspace       used 49936K, committed 50368K, reserved 1114112K
  class space    used 6849K, committed 7040K, reserved 1048576K

Heap Regions: E=young(eden), S=young(survivor), O=old, HS=humongous(starts), HC=humongous(continues), CS=collection set, F=free, OA=open archive, CA=closed archive, TAMS=top-at-mark-start (previous, next)
|   0|0x0000000080000000, 0x0000000080100000, 0x0000000080100000|100%| O|  |TAMS 0x0000000080100000, 0x0000000080000000| Untracked 
|   1|0x0000000080100000, 0x0000000080200000, 0x0000000080200000|100%| O|  |TAMS 0x0000000080200000, 0x0000000080100000| Untracked 
|   2|0x0000000080200000, 0x0000000080300000, 0x0000000080300000|100%|HS|  |TAMS 0x0000000080300000, 0x0000000080200000| Complete 
|   3|0x0000000080300000, 0x0000000080400000, 0x0000000080400000|100%|HC|  |TAMS 0x0000000080400000, 0x0000000080300000| Complete 
|   4|0x0000000080400000, 0x0000000080500000, 0x0000000080500000|100%|HC|  |TAMS 0x0000000080500000, 0x0000000080400000| Complete 
|   5|0x0000000080500000, 0x0000000080600000, 0x0000000080600000|100%|HC|  |TAMS 0x0000000080600000, 0x0000000080500000| Complete 
|   6|0x0000000080600000, 0x0000000080700000, 0x0000000080700000|100%| O|  |TAMS 0x0000000080700000, 0x0000000080600000| Untracked 
|   7|0x0000000080700000, 0x0000000080800000, 0x0000000080800000|100%| O|  |TAMS 0x0000000080800000, 0x0000000080700000| Untracked 
|   8|0x0000000080800000, 0x0000000080900000, 0x0000000080900000|100%| O|  |TAMS 0x0000000080900000, 0x0000000080800000| Untracked 
|   9|0x0000000080900000, 0x0000000080a00000, 0x0000000080a00000|100%| O|  |TAMS 0x0000000080a00000, 0x0000000080900000| Untracked 
|  10|0x0000000080a00000, 0x0000000080aa7e00, 0x0000000080b00000| 65%| O|  |TAMS 0x0000000080aa7e00, 0x0000000080a00000| Untracked 
|  11|0x0000000080b00000, 0x0000000080c00000, 0x0000000080c00000|100%| O|  |TAMS 0x0000000080c00000, 0x0000000080b00000| Untracked 
|  12|0x0000000080c00000, 0x0000000080d00000, 0x0000000080d00000|100%| O|  |TAMS 0x0000000080d00000, 0x0000000080c00000| Untracked 
|  13|0x0000000080d00000, 0x0000000080e00000, 0x0000000080e00000|100%| O|  |TAMS 0x0000000080e00000, 0x0000000080d00000| Untracked 
|  14|0x0000000080e00000, 0x0000000080f00000, 0x0000000080f00000|100%| O|  |TAMS 0x0000000080f00000, 0x0000000080e00000| Untracked 
|  15|0x0000000080f00000, 0x0000000081000000, 0x0000000081000000|100%| O|  |TAMS 0x0000000081000000, 0x0000000080f00000| Untracked 
|  16|0x0000000081000000, 0x0000000081100000, 0x0000000081100000|100%| O|  |TAMS 0x0000000081100000, 0x0000000081000000| Untracked 
|  17|0x0000000081100000, 0x0000000081200000, 0x0000000081200000|100%| O|  |TAMS 0x0000000081200000, 0x0000000081100000| Untracked 
|  18|0x0000000081200000, 0x0000000081300000, 0x0000000081300000|100%| O|  |TAMS 0x0000000081300000, 0x0000000081200000| Untracked 
|  19|0x0000000081300000, 0x0000000081400000, 0x0000000081400000|100%| O|  |TAMS 0x0000000081400000, 0x0000000081300000| Untracked 
|  20|0x0000000081400000, 0x0000000081500000, 0x0000000081500000|100%| O|  |TAMS 0x00000000814ab800, 0x0000000081400000| Untracked 
|  21|0x0000000081500000, 0x0000000081600000, 0x0000000081600000|100%| O|  |TAMS 0x0000000081500000, 0x0000000081500000| Untracked 
|  22|0x0000000081600000, 0x0000000081700000, 0x0000000081700000|100%| O|  |TAMS 0x0000000081600000, 0x0000000081600000| Untracked 
|  23|0x0000000081700000, 0x0000000081800000, 0x0000000081800000|100%| O|  |TAMS 0x0000000081700000, 0x0000000081700000| Untracked 
|  24|0x0000000081800000, 0x0000000081900000, 0x0000000081900000|100%| O|  |TAMS 0x0000000081800000, 0x0000000081800000| Untracked 
|  25|0x0000000081900000, 0x0000000081a00000, 0x0000000081a00000|100%| O|  |TAMS 0x0000000081900000, 0x0000000081900000| Untracked 
|  26|0x0000000081a00000, 0x0000000081b00000, 0x0000000081b00000|100%| O|  |TAMS 0x0000000081a00000, 0x0000000081a00000| Untracked 
|  27|0x0000000081b00000, 0x0000000081b5cc00, 0x0000000081c00000| 36%| O|  |TAMS 0x0000000081b00000, 0x0000000081b00000| Untracked 
|  28|0x0000000081c00000, 0x0000000081c00000, 0x0000000081d00000|  0%| F|  |TAMS 0x0000000081c00000, 0x0000000081c00000| Untracked 
|  29|0x0000000081d00000, 0x0000000081d00000, 0x0000000081e00000|  0%| F|  |TAMS 0x0000000081d00000, 0x0000000081d00000| Untracked 
|  30|0x0000000081e00000, 0x0000000081e00000, 0x0000000081f00000|  0%| F|  |TAMS 0x0000000081e00000, 0x0000000081e00000| Untracked 
|  31|0x0000000081f00000, 0x0000000081f00000, 0x0000000082000000|  0%| F|  |TAMS 0x0000000081f00000, 0x0000000081f00000| Untracked 
|  32|0x0000000082000000, 0x0000000082000000, 0x0000000082100000|  0%| F|  |TAMS 0x0000000082000000, 0x0000000082000000| Untracked 
|  33|0x0000000082100000, 0x0000000082100000, 0x0000000082200000|  0%| F|  |TAMS 0x0000000082100000, 0x0000000082100000| Untracked 
|  34|0x0000000082200000, 0x0000000082200000, 0x0000000082300000|  0%| F|  |TAMS 0x0000000082200000, 0x0000000082200000| Untracked 
|  35|0x0000000082300000, 0x0000000082300000, 0x0000000082400000|  0%| F|  |TAMS 0x0000000082300000, 0x0000000082300000| Untracked 
|  36|0x0000000082400000, 0x0000000082400000, 0x0000000082500000|  0%| F|  |TAMS 0x0000000082400000, 0x0000000082400000| Untracked 
|  37|0x0000000082500000, 0x0000000082500000, 0x0000000082600000|  0%| F|  |TAMS 0x0000000082500000, 0x0000000082500000| Untracked 
|  38|0x0000000082600000, 0x0000000082600000, 0x0000000082700000|  0%| F|  |TAMS 0x0000000082600000, 0x0000000082600000| Untracked 
|  39|0x0000000082700000, 0x0000000082700000, 0x0000000082800000|  0%| F|  |TAMS 0x0000000082700000, 0x0000000082700000| Untracked 
|  40|0x0000000082800000, 0x0000000082800000, 0x0000000082900000|  0%| F|  |TAMS 0x0000000082800000, 0x0000000082800000| Untracked 
|  41|0x0000000082900000, 0x0000000082900000, 0x0000000082a00000|  0%| F|  |TAMS 0x0000000082900000, 0x0000000082900000| Untracked 
|  42|0x0000000082a00000, 0x0000000082a00000, 0x0000000082b00000|  0%| F|  |TAMS 0x0000000082a00000, 0x0000000082a00000| Untracked 
|  43|0x0000000082b00000, 0x0000000082b00000, 0x0000000082c00000|  0%| F|  |TAMS 0x0000000082b00000, 0x0000000082b00000| Untracked 
|  44|0x0000000082c00000, 0x0000000082cc4080, 0x0000000082d00000| 76%| S|CS|TAMS 0x0000000082c00000, 0x0000000082c00000| Complete 
|  45|0x0000000082d00000, 0x0000000082e00000, 0x0000000082e00000|100%| S|CS|TAMS 0x0000000082d00000, 0x0000000082d00000| Complete 
|  46|0x0000000082e00000, 0x0000000082f00000, 0x0000000082f00000|100%| S|CS|TAMS 0x0000000082e00000, 0x0000000082e00000| Complete 
|  47|0x0000000082f00000, 0x0000000083000000, 0x0000000083000000|100%| S|CS|TAMS 0x0000000082f00000, 0x0000000082f00000| Complete 
|  48|0x0000000083000000, 0x0000000083000000, 0x0000000083100000|  0%| F|  |TAMS 0x0000000083000000, 0x0000000083000000| Untracked 
|  49|0x0000000083100000, 0x0000000083100000, 0x0000000083200000|  0%| F|  |TAMS 0x0000000083100000, 0x0000000083100000| Untracked 
|  50|0x0000000083200000, 0x0000000083200000, 0x0000000083300000|  0%| F|  |TAMS 0x0000000083200000, 0x0000000083200000| Untracked 
|  51|0x0000000083300000, 0x0000000083300000, 0x0000000083400000|  0%| F|  |TAMS 0x0000000083300000, 0x0000000083300000| Untracked 
|  52|0x0000000083400000, 0x0000000083400000, 0x0000000083500000|  0%| F|  |TAMS 0x0000000083400000, 0x0000000083400000| Untracked 
|  53|0x0000000083500000, 0x0000000083500000, 0x0000000083600000|  0%| F|  |TAMS 0x0000000083500000, 0x0000000083500000| Untracked 
|  54|0x0000000083600000, 0x0000000083600000, 0x0000000083700000|  0%| F|  |TAMS 0x0000000083600000, 0x0000000083600000| Untracked 
|  55|0x0000000083700000, 0x0000000083700000, 0x0000000083800000|  0%| F|  |TAMS 0x0000000083700000, 0x0000000083700000| Untracked 
|  56|0x0000000083800000, 0x0000000083800000, 0x0000000083900000|  0%| F|  |TAMS 0x0000000083800000, 0x0000000083800000| Untracked 
|  57|0x0000000083900000, 0x0000000083900000, 0x0000000083a00000|  0%| F|  |TAMS 0x0000000083900000, 0x0000000083900000| Untracked 
|  58|0x0000000083a00000, 0x0000000083a00000, 0x0000000083b00000|  0%| F|  |TAMS 0x0000000083a00000, 0x0000000083a00000| Untracked 
|  59|0x0000000083b00000, 0x0000000083b00000, 0x0000000083c00000|  0%| F|  |TAMS 0x0000000083b00000, 0x0000000083b00000| Untracked 
|  60|0x0000000083c00000, 0x0000000083c00000, 0x0000000083d00000|  0%| F|  |TAMS 0x0000000083c00000, 0x0000000083c00000| Untracked 
|  61|0x0000000083d00000, 0x0000000083d00000, 0x0000000083e00000|  0%| F|  |TAMS 0x0000000083d00000, 0x0000000083d00000| Untracked 
|  62|0x0000000083e00000, 0x0000000083e00000, 0x0000000083f00000|  0%| F|  |TAMS 0x0000000083e00000, 0x0000000083e00000| Untracked 
|  63|0x0000000083f00000, 0x0000000083f00000, 0x0000000084000000|  0%| F|  |TAMS 0x0000000083f00000, 0x0000000083f00000| Untracked 
|  64|0x0000000084000000, 0x0000000084100000, 0x0000000084100000|100%| E|  |TAMS 0x0000000084000000, 0x0000000084000000| Complete 
|  65|0x0000000084100000, 0x0000000084200000, 0x0000000084200000|100%| E|CS|TAMS 0x0000000084100000, 0x0000000084100000| Complete 
|  66|0x0000000084200000, 0x0000000084300000, 0x0000000084300000|100%| E|CS|TAMS 0x0000000084200000, 0x0000000084200000| Complete 
|  67|0x0000000084300000, 0x0000000084400000, 0x0000000084400000|100%| E|CS|TAMS 0x0000000084300000, 0x0000000084300000| Complete 
|  68|0x0000000084400000, 0x0000000084500000, 0x0000000084500000|100%| E|CS|TAMS 0x0000000084400000, 0x0000000084400000| Complete 
|  69|0x0000000084500000, 0x0000000084600000, 0x0000000084600000|100%| E|CS|TAMS 0x0000000084500000, 0x0000000084500000| Complete 
|  70|0x0000000084600000, 0x0000000084700000, 0x0000000084700000|100%| E|CS|TAMS 0x0000000084600000, 0x0000000084600000| Complete 
|  71|0x0000000084700000, 0x0000000084800000, 0x0000000084800000|100%| E|CS|TAMS 0x0000000084700000, 0x0000000084700000| Complete 
|  72|0x0000000084800000, 0x0000000084900000, 0x0000000084900000|100%| E|CS|TAMS 0x0000000084800000, 0x0000000084800000| Complete 
|  73|0x0000000084900000, 0x0000000084a00000, 0x0000000084a00000|100%| E|CS|TAMS 0x0000000084900000, 0x0000000084900000| Complete 
|  74|0x0000000084a00000, 0x0000000084b00000, 0x0000000084b00000|100%| E|CS|TAMS 0x0000000084a00000, 0x0000000084a00000| Complete 
|  75|0x0000000084b00000, 0x0000000084c00000, 0x0000000084c00000|100%| E|CS|TAMS 0x0000000084b00000, 0x0000000084b00000| Complete 
|  76|0x0000000084c00000, 0x0000000084d00000, 0x0000000084d00000|100%| E|CS|TAMS 0x0000000084c00000, 0x0000000084c00000| Complete 
|  77|0x0000000084d00000, 0x0000000084e00000, 0x0000000084e00000|100%| E|CS|TAMS 0x0000000084d00000, 0x0000000084d00000| Complete 
|  78|0x0000000084e00000, 0x0000000084f00000, 0x0000000084f00000|100%| E|CS|TAMS 0x0000000084e00000, 0x0000000084e00000| Complete 
|  79|0x0000000084f00000, 0x0000000085000000, 0x0000000085000000|100%| E|CS|TAMS 0x0000000084f00000, 0x0000000084f00000| Complete 
|  80|0x0000000085000000, 0x0000000085100000, 0x0000000085100000|100%| E|CS|TAMS 0x0000000085000000, 0x0000000085000000| Complete 
|  81|0x0000000085100000, 0x0000000085200000, 0x0000000085200000|100%| E|CS|TAMS 0x0000000085100000, 0x0000000085100000| Complete 
|  82|0x0000000085200000, 0x0000000085300000, 0x0000000085300000|100%| E|CS|TAMS 0x0000000085200000, 0x0000000085200000| Complete 
| 125|0x0000000087d00000, 0x0000000087e00000, 0x0000000087e00000|100%| E|CS|TAMS 0x0000000087d00000, 0x0000000087d00000| Complete 

Card table byte_map: [0x000001b5ab860000,0x000001b5abc60000] _byte_map_base: 0x000001b5ab460000

Marking Bits (Prev, Next): (CMBitMap*) 0x000001b598fee3e0, (CMBitMap*) 0x000001b598fee420
 Prev Bits: [0x000001b5ac060000, 0x000001b5ae060000)
 Next Bits: [0x000001b5ae060000, 0x000001b5b0060000)

Polling page: 0x000001b596e20000

Metaspace:

Usage:
  Non-class:     42.08 MB used.
      Class:      6.69 MB used.
       Both:     48.77 MB used.

Virtual space:
  Non-class space:       64.00 MB reserved,      42.31 MB ( 66%) committed,  1 nodes.
      Class space:        1.00 GB reserved,       6.88 MB ( <1%) committed,  1 nodes.
             Both:        1.06 GB reserved,      49.19 MB (  5%) committed. 

Chunk freelists:
   Non-Class:  5.52 MB
       Class:  8.95 MB
        Both:  14.47 MB

MaxMetaspaceSize: unlimited
CompressedClassSpaceSize: 1.00 GB
Initial GC threshold: 21.00 MB
Current GC threshold: 59.31 MB
CDS: off
MetaspaceReclaimPolicy: balanced
 - commit_granule_bytes: 65536.
 - commit_granule_words: 8192.
 - virtual_space_node_default_size: 8388608.
 - enlarge_chunks_in_place: 1.
 - new_chunks_are_fully_committed: 0.
 - uncommit_free_chunks: 1.
 - use_allocation_guard: 0.
 - handle_deallocations: 1.


Internal statistics:

num_allocs_failed_limit: 6.
num_arena_births: 468.
num_arena_deaths: 0.
num_vsnodes_births: 2.
num_vsnodes_deaths: 0.
num_space_committed: 787.
num_space_uncommitted: 0.
num_chunks_returned_to_freelist: 6.
num_chunks_taken_from_freelist: 2024.
num_chunk_merges: 6.
num_chunk_splits: 1337.
num_chunks_enlarged: 934.
num_inconsistent_stats: 0.

CodeHeap 'non-profiled nmethods': size=120000Kb used=2323Kb max_used=2323Kb free=117676Kb
 bounds [0x000001b5a3f30000, 0x000001b5a41a0000, 0x000001b5ab460000]
CodeHeap 'profiled nmethods': size=120000Kb used=8873Kb max_used=8873Kb free=111127Kb
 bounds [0x000001b59c460000, 0x000001b59cd10000, 0x000001b5a3990000]
CodeHeap 'non-nmethods': size=5760Kb used=1608Kb max_used=1673Kb free=4151Kb
 bounds [0x000001b5a3990000, 0x000001b5a3c00000, 0x000001b5a3f30000]
 total_blobs=5097 nmethods=4420 adapters=588
 compilation: enabled
              stopped_count=0, restarted_count=0
 full_count=0

Compilation events (20 events):
Event: 5.686 Thread 0x000001b5b2729c90 4130       3       java.lang.invoke.SimpleMethodHandle::<init> (7 bytes)
Event: 5.686 Thread 0x000001b5b2729c90 nmethod 4130 0x000001b59cca5d10 code [0x000001b59cca5ec0, 0x000001b59cca6088]
Event: 5.689 Thread 0x000001b5b2729c90 4132       3       java.lang.invoke.LambdaForm::identityForm (27 bytes)
Event: 5.689 Thread 0x000001b5b2729c90 nmethod 4132 0x000001b59cca6190 code [0x000001b59cca6340, 0x000001b59cca6528]
Event: 5.689 Thread 0x000001b5b2729c90 4133       3       java.lang.invoke.MethodHandleImpl::makeIntrinsic (14 bytes)
Event: 5.689 Thread 0x000001b5b2729c90 nmethod 4133 0x000001b59cca6610 code [0x000001b59cca6800, 0x000001b59cca6ed8]
Event: 5.689 Thread 0x000001b5b2729c90 4134       3       java.lang.invoke.MethodHandleImpl$IntrinsicMethodHandle::<init> (8 bytes)
Event: 5.690 Thread 0x000001b5b2729c90 nmethod 4134 0x000001b59cca7190 code [0x000001b59cca7380, 0x000001b59cca79d8]
Event: 5.690 Thread 0x000001b5b2729c90 4135       3       java.lang.invoke.SimpleMethodHandle::speciesData (4 bytes)
Event: 5.690 Thread 0x000001b5b2729c90 nmethod 4135 0x000001b59cca7b90 code [0x000001b59cca7d20, 0x000001b59cca7e38]
Event: 5.690 Thread 0x000001b5b2729c90 4136       3       java.lang.invoke.SimpleMethodHandle::copyWithExtendL (7 bytes)
Event: 5.691 Thread 0x000001b5b2729c90 nmethod 4136 0x000001b59cca7f10 code [0x000001b59cca80c0, 0x000001b59cca8268]
Event: 5.716 Thread 0x000001b5b2729c90 4137       3       com.google.common.collect.ImmutableList$Builder::build (17 bytes)
Event: 5.717 Thread 0x000001b5b2729c90 nmethod 4137 0x000001b59cca8390 code [0x000001b59cca8520, 0x000001b59cca8668]
Event: 5.732 Thread 0x000001b5b2729c90 4138       1       java.lang.Long::longValue (5 bytes)
Event: 5.732 Thread 0x000001b5b2729c90 nmethod 4138 0x000001b5a4169a10 code [0x000001b5a4169ba0, 0x000001b5a4169c78]
Event: 5.745 Thread 0x000001b5b2729c90 4139       3       org.gradle.internal.event.AbstractBroadcastDispatch::<init> (10 bytes)
Event: 5.745 Thread 0x000001b5b2729c90 nmethod 4139 0x000001b59cca8710 code [0x000001b59cca88a0, 0x000001b59cca8a58]
Event: 5.747 Thread 0x000001b5b2729c90 4140       3       com.google.common.collect.RegularImmutableSet::size (6 bytes)
Event: 5.748 Thread 0x000001b5b2729c90 nmethod 4140 0x000001b59cca8b10 code [0x000001b59cca8ca0, 0x000001b59cca8db8]

GC Heap History (20 events):
Event: 1.143 GC heap before
{Heap before GC invocations=1 (full 0):
 garbage-first heap   total 129024K, used 22581K [0x0000000080000000, 0x0000000100000000)
  region size 1024K, 18 young (18432K), 2 survivors (2048K)
 Metaspace       used 11320K, committed 11520K, reserved 1114112K
  class space    used 1193K, committed 1280K, reserved 1048576K
}
Event: 1.147 GC heap after
{Heap after GC invocations=2 (full 0):
 garbage-first heap   total 129024K, used 10680K [0x0000000080000000, 0x0000000100000000)
  region size 1024K, 3 young (3072K), 3 survivors (3072K)
 Metaspace       used 11320K, committed 11520K, reserved 1114112K
  class space    used 1193K, committed 1280K, reserved 1048576K
}
Event: 1.546 GC heap before
{Heap before GC invocations=2 (full 0):
 garbage-first heap   total 129024K, used 32184K [0x0000000080000000, 0x0000000100000000)
  region size 1024K, 25 young (25600K), 3 survivors (3072K)
 Metaspace       used 11461K, committed 11648K, reserved 1114112K
  class space    used 1197K, committed 1280K, reserved 1048576K
}
Event: 1.549 GC heap after
{Heap after GC invocations=3 (full 0):
 garbage-first heap   total 129024K, used 11421K [0x0000000080000000, 0x0000000100000000)
  region size 1024K, 1 young (1024K), 1 survivors (1024K)
 Metaspace       used 11461K, committed 11648K, reserved 1114112K
  class space    used 1197K, committed 1280K, reserved 1048576K
}
Event: 2.674 GC heap before
{Heap before GC invocations=3 (full 0):
 garbage-first heap   total 129024K, used 60573K [0x0000000080000000, 0x0000000100000000)
  region size 1024K, 49 young (50176K), 1 survivors (1024K)
 Metaspace       used 21258K, committed 21504K, reserved 1114112K
  class space    used 2489K, committed 2624K, reserved 1048576K
}
Event: 2.680 GC heap after
{Heap after GC invocations=4 (full 0):
 garbage-first heap   total 129024K, used 19216K [0x0000000080000000, 0x0000000100000000)
  region size 1024K, 9 young (9216K), 9 survivors (9216K)
 Metaspace       used 21258K, committed 21504K, reserved 1114112K
  class space    used 2489K, committed 2624K, reserved 1048576K
}
Event: 3.139 GC heap before
{Heap before GC invocations=5 (full 0):
 garbage-first heap   total 71680K, used 51984K [0x0000000080000000, 0x0000000100000000)
  region size 1024K, 42 young (43008K), 9 survivors (9216K)
 Metaspace       used 26434K, committed 26752K, reserved 1114112K
  class space    used 3373K, committed 3520K, reserved 1048576K
}
Event: 3.146 GC heap after
{Heap after GC invocations=6 (full 0):
 garbage-first heap   total 71680K, used 21061K [0x0000000080000000, 0x0000000100000000)
  region size 1024K, 2 young (2048K), 2 survivors (2048K)
 Metaspace       used 26434K, committed 26752K, reserved 1114112K
  class space    used 3373K, committed 3520K, reserved 1048576K
}
Event: 3.556 GC heap before
{Heap before GC invocations=6 (full 0):
 garbage-first heap   total 71680K, used 49733K [0x0000000080000000, 0x0000000100000000)
  region size 1024K, 31 young (31744K), 2 survivors (2048K)
 Metaspace       used 30434K, committed 30784K, reserved 1114112K
  class space    used 4037K, committed 4224K, reserved 1048576K
}
Event: 3.561 GC heap after
{Heap after GC invocations=7 (full 0):
 garbage-first heap   total 71680K, used 22647K [0x0000000080000000, 0x0000000100000000)
  region size 1024K, 4 young (4096K), 4 survivors (4096K)
 Metaspace       used 30434K, committed 30784K, reserved 1114112K
  class space    used 4037K, committed 4224K, reserved 1048576K
}
Event: 4.063 GC heap before
{Heap before GC invocations=7 (full 0):
 garbage-first heap   total 71680K, used 52343K [0x0000000080000000, 0x0000000100000000)
  region size 1024K, 33 young (33792K), 4 survivors (4096K)
 Metaspace       used 34098K, committed 34432K, reserved 1114112K
  class space    used 4641K, committed 4800K, reserved 1048576K
}
Event: 4.069 GC heap after
{Heap after GC invocations=8 (full 0):
 garbage-first heap   total 71680K, used 23885K [0x0000000080000000, 0x0000000100000000)
  region size 1024K, 3 young (3072K), 3 survivors (3072K)
 Metaspace       used 34098K, committed 34432K, reserved 1114112K
  class space    used 4641K, committed 4800K, reserved 1048576K
}
Event: 4.237 GC heap before
{Heap before GC invocations=8 (full 0):
 garbage-first heap   total 71680K, used 34125K [0x0000000080000000, 0x0000000100000000)
  region size 1024K, 14 young (14336K), 3 survivors (3072K)
 Metaspace       used 35787K, committed 36096K, reserved 1114112K
  class space    used 4879K, committed 5056K, reserved 1048576K
}
Event: 4.241 GC heap after
{Heap after GC invocations=9 (full 0):
 garbage-first heap   total 71680K, used 24377K [0x0000000080000000, 0x0000000100000000)
  region size 1024K, 2 young (2048K), 2 survivors (2048K)
 Metaspace       used 35787K, committed 36096K, reserved 1114112K
  class space    used 4879K, committed 5056K, reserved 1048576K
}
Event: 4.769 GC heap before
{Heap before GC invocations=10 (full 0):
 garbage-first heap   total 71680K, used 55097K [0x0000000080000000, 0x0000000100000000)
  region size 1024K, 33 young (33792K), 2 survivors (2048K)
 Metaspace       used 41292K, committed 41600K, reserved 1114112K
  class space    used 5469K, committed 5632K, reserved 1048576K
}
Event: 4.775 GC heap after
{Heap after GC invocations=11 (full 0):
 garbage-first heap   total 71680K, used 28214K [0x0000000080000000, 0x0000000100000000)
  region size 1024K, 5 young (5120K), 5 survivors (5120K)
 Metaspace       used 41292K, committed 41600K, reserved 1114112K
  class space    used 5469K, committed 5632K, reserved 1048576K
}
Event: 5.036 GC heap before
{Heap before GC invocations=11 (full 0):
 garbage-first heap   total 71680K, used 55862K [0x0000000080000000, 0x0000000100000000)
  region size 1024K, 32 young (32768K), 5 survivors (5120K)
 Metaspace       used 42425K, committed 42816K, reserved 1114112K
  class space    used 5649K, committed 5824K, reserved 1048576K
}
Event: 5.042 GC heap after
{Heap after GC invocations=12 (full 0):
 garbage-first heap   total 86016K, used 29328K [0x0000000080000000, 0x0000000100000000)
  region size 1024K, 2 young (2048K), 2 survivors (2048K)
 Metaspace       used 42425K, committed 42816K, reserved 1114112K
  class space    used 5649K, committed 5824K, reserved 1048576K
}
Event: 5.636 GC heap before
{Heap before GC invocations=12 (full 0):
 garbage-first heap   total 86016K, used 66192K [0x0000000080000000, 0x0000000100000000)
  region size 1024K, 38 young (38912K), 2 survivors (2048K)
 Metaspace       used 47112K, committed 47616K, reserved 1114112K
  class space    used 6415K, committed 6656K, reserved 1048576K
}
Event: 5.641 GC heap after
{Heap after GC invocations=13 (full 0):
 garbage-first heap   total 86016K, used 31522K [0x0000000080000000, 0x0000000100000000)
  region size 1024K, 4 young (4096K), 4 survivors (4096K)
 Metaspace       used 47112K, committed 47616K, reserved 1114112K
  class space    used 6415K, committed 6656K, reserved 1048576K
}

Dll operation events (3 events):
Event: 0.006 Loaded shared library E:\Android studio\jbr\bin\java.dll
Event: 0.244 Loaded shared library E:\Android studio\jbr\bin\zip.dll
Event: 0.669 Loaded shared library E:\Android studio\jbr\bin\verify.dll

Deoptimization events (20 events):
Event: 5.560 Thread 0x000001b5b847fb50 Uncommon trap: trap_request=0xffffffc6 fr.pc=0x000001b5a4123204 relative=0x00000000000028a4
Event: 5.560 Thread 0x000001b5b847fb50 Uncommon trap: reason=bimorphic_or_optimized_type_check action=maybe_recompile pc=0x000001b5a4123204 method=java.util.regex.Pattern$CharProperty.study(Ljava/util/regex/Pattern$TreeInfo;)Z @ 25 c2
Event: 5.560 Thread 0x000001b5b847fb50 DEOPT PACKING pc=0x000001b5a4123204 sp=0x0000003fdabf9ae0
Event: 5.560 Thread 0x000001b5b847fb50 DEOPT UNPACKING pc=0x000001b5a39e69a3 sp=0x0000003fdabf99d8 mode 2
Event: 5.586 Thread 0x000001b5b847fb50 Uncommon trap: trap_request=0xffffff45 fr.pc=0x000001b5a3fa41f4 relative=0x00000000000001d4
Event: 5.586 Thread 0x000001b5b847fb50 Uncommon trap: reason=unstable_if action=reinterpret pc=0x000001b5a3fa41f4 method=java.net.URI$Parser.scan(IILjava/lang/String;)I @ 26 c2
Event: 5.586 Thread 0x000001b5b847fb50 DEOPT PACKING pc=0x000001b5a3fa41f4 sp=0x0000003fdabfa000
Event: 5.586 Thread 0x000001b5b847fb50 DEOPT UNPACKING pc=0x000001b5a39e69a3 sp=0x0000003fdabf9f90 mode 2
Event: 5.586 Thread 0x000001b5b847fb50 Uncommon trap: trap_request=0xffffff45 fr.pc=0x000001b5a3f9ffd0 relative=0x0000000000000130
Event: 5.586 Thread 0x000001b5b847fb50 Uncommon trap: reason=unstable_if action=reinterpret pc=0x000001b5a3f9ffd0 method=java.net.URI.match(CJJ)Z @ 45 c2
Event: 5.586 Thread 0x000001b5b847fb50 DEOPT PACKING pc=0x000001b5a3f9ffd0 sp=0x0000003fdabf9d60
Event: 5.586 Thread 0x000001b5b847fb50 DEOPT UNPACKING pc=0x000001b5a39e69a3 sp=0x0000003fdabf9c98 mode 2
Event: 5.586 Thread 0x000001b5b847fb50 Uncommon trap: trap_request=0xffffff45 fr.pc=0x000001b5a3f5734c relative=0x000000000000004c
Event: 5.586 Thread 0x000001b5b847fb50 Uncommon trap: reason=unstable_if action=reinterpret pc=0x000001b5a3f5734c method=java.net.URI.match(CJJ)Z @ 19 c2
Event: 5.586 Thread 0x000001b5b847fb50 DEOPT PACKING pc=0x000001b5a3f5734c sp=0x0000003fdabf9d70
Event: 5.586 Thread 0x000001b5b847fb50 DEOPT UNPACKING pc=0x000001b5a39e69a3 sp=0x0000003fdabf9d20 mode 2
Event: 5.745 Thread 0x000001b5b847fb50 Uncommon trap: trap_request=0xffffffde fr.pc=0x000001b5a4082b6c relative=0x00000000000002cc
Event: 5.745 Thread 0x000001b5b847fb50 Uncommon trap: reason=class_check action=maybe_recompile pc=0x000001b5a4082b6c method=java.util.Collections$SetFromMap.remove(Ljava/lang/Object;)Z @ 5 c2
Event: 5.745 Thread 0x000001b5b847fb50 DEOPT PACKING pc=0x000001b5a4082b6c sp=0x0000003fdabfa690
Event: 5.745 Thread 0x000001b5b847fb50 DEOPT UNPACKING pc=0x000001b5a39e69a3 sp=0x0000003fdabfa678 mode 2

Classes unloaded (0 events):
No events

Classes redefined (0 events):
No events

Internal exceptions (20 events):
Event: 5.076 Thread 0x000001b5b847fb50 Exception <a 'java/lang/NoSuchMethodError'{0x0000000085147e60}: 'java.lang.Object java.lang.invoke.Invokers$Holder.linkToTargetMethod(java.lang.Object, long, java.lang.Object)'> (0x0000000085147e60) 
thrown [s\src\hotspot\share\interpreter\linkResolver.cpp, line 771]
Event: 5.108 Thread 0x000001b5b847fb50 Exception <a 'java/lang/NoSuchMethodError'{0x00000000850f4060}: 'int java.lang.invoke.DirectMethodHandle$Holder.invokeInterface(java.lang.Object, java.lang.Object)'> (0x00000000850f4060) 
thrown [s\src\hotspot\share\interpreter\linkResolver.cpp, line 771]
Event: 5.176 Thread 0x000001b5b847fb50 Exception <a 'java/lang/NoSuchMethodError'{0x0000000084dff0f0}: 'java.lang.Object java.lang.invoke.DirectMethodHandle$Holder.invokeVirtual(java.lang.Object, java.lang.Object, int)'> (0x0000000084dff0f0) 
thrown [s\src\hotspot\share\interpreter\linkResolver.cpp, line 771]
Event: 5.215 Thread 0x000001b5b847fb50 Exception <a 'java/lang/NoSuchMethodError'{0x0000000084aba868}: 'java.lang.Object java.lang.invoke.DirectMethodHandle$Holder.newInvokeSpecial(java.lang.Object, java.lang.Object, java.lang.Object, java.lang.Object, int)'> (0x0000000084aba868) 
thrown [s\src\hotspot\share\interpreter\linkResolver.cpp, line 771]
Event: 5.215 Thread 0x000001b5b847fb50 Exception <a 'java/lang/NoSuchMethodError'{0x0000000084abf8e8}: 'java.lang.Object java.lang.invoke.DirectMethodHandle$Holder.invokeSpecial(java.lang.Object, java.lang.Object, java.lang.Object, java.lang.Object, java.lang.Object, int)'> (0x0000000084abf8e8) 
thrown [s\src\hotspot\share\interpreter\linkResolver.cpp, line 771]
Event: 5.216 Thread 0x000001b5b847fb50 Exception <a 'java/lang/NoSuchMethodError'{0x0000000084ac4318}: 'java.lang.Object java.lang.invoke.Invokers$Holder.linkToTargetMethod(java.lang.Object, java.lang.Object, java.lang.Object, int, java.lang.Object)'> (0x0000000084ac4318) 
thrown [s\src\hotspot\share\interpreter\linkResolver.cpp, line 771]
Event: 5.253 Thread 0x000001b5b847fb50 Exception <a 'java/lang/NoSuchMethodError'{0x00000000848932d0}: 'int java.lang.invoke.DirectMethodHandle$Holder.invokeInterface(java.lang.Object, java.lang.Object, java.lang.Object, java.lang.Object)'> (0x00000000848932d0) 
thrown [s\src\hotspot\share\interpreter\linkResolver.cpp, line 771]
Event: 5.344 Thread 0x000001b5b847fb50 Implicit null exception at 0x000001b5a40d1bec to 0x000001b5a40d1c90
Event: 5.419 Thread 0x000001b5b847fb50 Exception <a 'java/lang/NoSuchMethodError'{0x0000000083b3b558}: 'void java.lang.invoke.DirectMethodHandle$Holder.invokeInterface(java.lang.Object, java.lang.Object)'> (0x0000000083b3b558) 
thrown [s\src\hotspot\share\interpreter\linkResolver.cpp, line 771]
Event: 5.420 Thread 0x000001b5b847fb50 Exception <a 'java/lang/IncompatibleClassChangeError'{0x0000000083b46988}: Found class java.lang.Object, but interface was expected> (0x0000000083b46988) 
thrown [s\src\hotspot\share\interpreter\linkResolver.cpp, line 838]
Event: 5.451 Thread 0x000001b5b847fb50 Exception <a 'java/lang/NoSuchMethodError'{0x00000000839d5fb8}: 'java.lang.Object java.lang.invoke.DirectMethodHandle$Holder.newInvokeSpecial(java.lang.Object, int, java.lang.Object)'> (0x00000000839d5fb8) 
thrown [s\src\hotspot\share\interpreter\linkResolver.cpp, line 771]
Event: 5.477 Thread 0x000001b5b847fb50 Exception <a 'java/lang/NoSuchMethodError'{0x000000008377ee20}: 'java.lang.Object java.lang.invoke.DirectMethodHandle$Holder.newInvokeSpecial(java.lang.Object, java.lang.Object, int, java.lang.Object)'> (0x000000008377ee20) 
thrown [s\src\hotspot\share\interpreter\linkResolver.cpp, line 771]
Event: 5.477 Thread 0x000001b5b847fb50 Exception <a 'java/lang/NoSuchMethodError'{0x0000000083783e20}: 'java.lang.Object java.lang.invoke.DirectMethodHandle$Holder.invokeSpecial(java.lang.Object, java.lang.Object, java.lang.Object, int, java.lang.Object)'> (0x0000000083783e20) 
thrown [s\src\hotspot\share\interpreter\linkResolver.cpp, line 771]
Event: 5.687 Thread 0x000001b5b847fb50 Exception <a 'sun/nio/fs/WindowsException'{0x000000008504a530}> (0x000000008504a530) 
thrown [s\src\hotspot\share\prims\jni.cpp, line 531]
Event: 5.687 Thread 0x000001b5b847fb50 Exception <a 'sun/nio/fs/WindowsException'{0x000000008504a7c0}> (0x000000008504a7c0) 
thrown [s\src\hotspot\share\prims\jni.cpp, line 531]
Event: 5.687 Thread 0x000001b5b847fb50 Exception <a 'sun/nio/fs/WindowsException'{0x000000008504cf68}> (0x000000008504cf68) 
thrown [s\src\hotspot\share\prims\jni.cpp, line 531]
Event: 5.687 Thread 0x000001b5b847fb50 Exception <a 'sun/nio/fs/WindowsException'{0x000000008504d2f0}> (0x000000008504d2f0) 
thrown [s\src\hotspot\share\prims\jni.cpp, line 531]
Event: 5.688 Thread 0x000001b5b847fb50 Exception <a 'java/lang/NoSuchMethodError'{0x000000008505a708}: 'java.lang.Object java.lang.invoke.DirectMethodHandle$Holder.newInvokeSpecial(java.lang.Object, java.lang.Object, int)'> (0x000000008505a708) 
thrown [s\src\hotspot\share\interpreter\linkResolver.cpp, line 771]
Event: 5.729 Thread 0x000001b5b847fb50 Exception <a 'sun/nio/fs/WindowsException'{0x0000000084d675d0}> (0x0000000084d675d0) 
thrown [s\src\hotspot\share\prims\jni.cpp, line 531]
Event: 5.730 Thread 0x000001b5b847fb50 Exception <a 'sun/nio/fs/WindowsException'{0x0000000084d67958}> (0x0000000084d67958) 
thrown [s\src\hotspot\share\prims\jni.cpp, line 531]

VM Operations (20 events):
Event: 5.036 Executing VM operation: G1CollectForAllocation
Event: 5.042 Executing VM operation: G1CollectForAllocation done
Event: 5.068 Executing VM operation: HandshakeAllThreads
Event: 5.068 Executing VM operation: HandshakeAllThreads done
Event: 5.089 Executing VM operation: HandshakeAllThreads
Event: 5.089 Executing VM operation: HandshakeAllThreads done
Event: 5.244 Executing VM operation: HandshakeAllThreads
Event: 5.244 Executing VM operation: HandshakeAllThreads done
Event: 5.248 Executing VM operation: HandshakeAllThreads
Event: 5.248 Executing VM operation: HandshakeAllThreads done
Event: 5.251 Executing VM operation: HandshakeAllThreads
Event: 5.252 Executing VM operation: HandshakeAllThreads done
Event: 5.319 Executing VM operation: HandshakeAllThreads
Event: 5.319 Executing VM operation: HandshakeAllThreads done
Event: 5.492 Executing VM operation: HandshakeAllThreads
Event: 5.492 Executing VM operation: HandshakeAllThreads done
Event: 5.571 Executing VM operation: ICBufferFull
Event: 5.571 Executing VM operation: ICBufferFull done
Event: 5.636 Executing VM operation: G1CollectForAllocation
Event: 5.641 Executing VM operation: G1CollectForAllocation done

Events (20 events):
Event: 5.593 loading class java/io/DeleteOnExitHook$1
Event: 5.593 loading class java/io/DeleteOnExitHook$1 done
Event: 5.633 loading class javax/net/ssl/HostnameVerifier
Event: 5.633 loading class javax/net/ssl/HostnameVerifier done
Event: 5.635 loading class javax/net/ssl/TrustManager
Event: 5.635 loading class javax/net/ssl/TrustManager done
Event: 5.636 loading class javax/net/ssl/X509TrustManager
Event: 5.636 loading class javax/net/ssl/X509TrustManager done
Event: 5.644 loading class javax/net/ssl/SSLException
Event: 5.644 loading class javax/net/ssl/SSLException done
Event: 5.644 loading class javax/net/ssl/SSLPeerUnverifiedException
Event: 5.644 loading class javax/net/ssl/SSLPeerUnverifiedException done
Event: 5.644 loading class javax/naming/NamingException
Event: 5.644 loading class javax/naming/NamingException done
Event: 5.644 loading class javax/naming/InvalidNameException
Event: 5.644 loading class javax/naming/InvalidNameException done
Event: 5.644 loading class java/security/cert/CertificateParsingException
Event: 5.644 loading class java/security/cert/CertificateException
Event: 5.644 loading class java/security/cert/CertificateException done
Event: 5.644 loading class java/security/cert/CertificateParsingException done


Dynamic libraries:
0x00007ff6c8070000 - 0x00007ff6c807a000 	E:\Android studio\jbr\bin\java.exe
0x00007ff8aac70000 - 0x00007ff8aae5e000 	C:\Windows\SYSTEM32\ntdll.dll
0x00007ff8a9550000 - 0x00007ff8a9603000 	C:\Windows\System32\KERNEL32.DLL
0x00007ff8a6cf0000 - 0x00007ff8a6f8d000 	C:\Windows\System32\KERNELBASE.dll
0x00007ff8a7010000 - 0x00007ff8a710a000 	C:\Windows\System32\ucrtbase.dll
0x00007ff852290000 - 0x00007ff8522a7000 	E:\Android studio\jbr\bin\jli.dll
0x00007ff898850000 - 0x00007ff89886b000 	E:\Android studio\jbr\bin\VCRUNTIME140.dll
0x00007ff8a81d0000 - 0x00007ff8a8367000 	C:\Windows\System32\USER32.dll
0x00007ff8a7dc0000 - 0x00007ff8a7de0000 	C:\Windows\System32\win32u.dll
0x00007ff8910a0000 - 0x00007ff891319000 	C:\Windows\WinSxS\amd64_microsoft.windows.common-controls_6595b64144ccf1df_6.0.17763.6293_none_de76a9f2534660ca\COMCTL32.dll
0x00007ff8a81a0000 - 0x00007ff8a81c9000 	C:\Windows\System32\GDI32.dll
0x00007ff8a7e90000 - 0x00007ff8a7f2e000 	C:\Windows\System32\msvcrt.dll
0x00007ff8a7c10000 - 0x00007ff8a7db8000 	C:\Windows\System32\gdi32full.dll
0x00007ff8a8b00000 - 0x00007ff8a8e2a000 	C:\Windows\System32\combase.dll
0x00007ff8a71c0000 - 0x00007ff8a7260000 	C:\Windows\System32\msvcp_win.dll
0x00007ff8a90f0000 - 0x00007ff8a9208000 	C:\Windows\System32\RPCRT4.dll
0x00007ff8a7110000 - 0x00007ff8a7192000 	C:\Windows\System32\bcryptPrimitives.dll
0x00007ff8a8900000 - 0x00007ff8a892e000 	C:\Windows\System32\IMM32.DLL
0x00007ff89f680000 - 0x00007ff89f68c000 	E:\Android studio\jbr\bin\vcruntime140_1.dll
0x00007ff873930000 - 0x00007ff8739bd000 	E:\Android studio\jbr\bin\msvcp140.dll
0x00007ff82e0b0000 - 0x00007ff82ed33000 	E:\Android studio\jbr\bin\server\jvm.dll
0x00007ff8a8f90000 - 0x00007ff8a9038000 	C:\Windows\System32\ADVAPI32.dll
0x00007ff8a7f30000 - 0x00007ff8a7fd2000 	C:\Windows\System32\sechost.dll
0x00007ff8a6fe0000 - 0x00007ff8a7006000 	C:\Windows\System32\bcrypt.dll
0x00007ff8a6c40000 - 0x00007ff8a6c9d000 	C:\Windows\System32\POWRPROF.dll
0x00007ff8a3350000 - 0x00007ff8a3374000 	C:\Windows\SYSTEM32\WINMM.dll
0x00007ff8759d0000 - 0x00007ff8759d9000 	C:\Windows\SYSTEM32\WSOCK32.dll
0x00007ff8a94d0000 - 0x00007ff8a953d000 	C:\Windows\System32\WS2_32.dll
0x00007ff89be20000 - 0x00007ff89be2a000 	C:\Windows\SYSTEM32\VERSION.dll
0x00007ff8a3320000 - 0x00007ff8a334d000 	C:\Windows\SYSTEM32\WINMMBASE.dll
0x00007ff8a6f90000 - 0x00007ff8a6fda000 	C:\Windows\System32\cfgmgr32.dll
0x00007ff8a6c20000 - 0x00007ff8a6c31000 	C:\Windows\System32\kernel.appcore.dll
0x00007ff8a1bf0000 - 0x00007ff8a1bfa000 	E:\Android studio\jbr\bin\jimage.dll
0x00007ff8a1570000 - 0x00007ff8a175d000 	C:\Windows\SYSTEM32\DBGHELP.DLL
0x00007ff895c30000 - 0x00007ff895c5a000 	C:\Windows\SYSTEM32\dbgcore.DLL
0x00007ff8522b0000 - 0x00007ff8522be000 	E:\Android studio\jbr\bin\instrument.dll
0x00007ff852770000 - 0x00007ff852795000 	E:\Android studio\jbr\bin\java.dll
0x00007ff852750000 - 0x00007ff852768000 	E:\Android studio\jbr\bin\zip.dll
0x00007ff8a9740000 - 0x00007ff8aac38000 	C:\Windows\System32\SHELL32.dll
0x00007ff8a83d0000 - 0x00007ff8a8477000 	C:\Windows\System32\shcore.dll
0x00007ff8a7460000 - 0x00007ff8a7ba8000 	C:\Windows\System32\windows.storage.dll
0x00007ff8a6cc0000 - 0x00007ff8a6ce3000 	C:\Windows\System32\profapi.dll
0x00007ff8a9370000 - 0x00007ff8a93c2000 	C:\Windows\System32\shlwapi.dll
0x00007ff8a71a0000 - 0x00007ff8a71bb000 	C:\Windows\System32\cryptsp.dll
0x00007ff852730000 - 0x00007ff852749000 	E:\Android studio\jbr\bin\net.dll
0x00007ff899420000 - 0x00007ff89951d000 	C:\Windows\SYSTEM32\WINHTTP.dll
0x00007ff8a6470000 - 0x00007ff8a64d7000 	C:\Windows\system32\mswsock.dll
0x00007ff852710000 - 0x00007ff852726000 	E:\Android studio\jbr\bin\nio.dll
0x00007ff8522e0000 - 0x00007ff8522f0000 	E:\Android studio\jbr\bin\verify.dll
0x00007ff89ebb0000 - 0x00007ff89ebd7000 	C:\Users\Thang\.gradle\native\c067742578af261105cb4f569cf0c3c89f3d7b1fecec35dd04571415982c5e48\windows-amd64\native-platform.dll
0x00007ff85fbd0000 - 0x00007ff85fd14000 	C:\Users\Thang\.gradle\native\38dada09dfb8b06ba9b0570ebf7e218e3eb74d4ef43ca46872605cf95ebc2f47\windows-amd64\native-platform-file-events.dll
0x00007ff852300000 - 0x00007ff852309000 	E:\Android studio\jbr\bin\management.dll
0x00007ff8522f0000 - 0x00007ff8522fb000 	E:\Android studio\jbr\bin\management_ext.dll
0x00007ff8a9210000 - 0x00007ff8a9218000 	C:\Windows\System32\PSAPI.DLL
0x00007ff8a5f30000 - 0x00007ff8a5f63000 	C:\Windows\system32\rsaenh.dll
0x00007ff8a6b50000 - 0x00007ff8a6b79000 	C:\Windows\SYSTEM32\USERENV.dll
0x00007ff8a6640000 - 0x00007ff8a664c000 	C:\Windows\SYSTEM32\CRYPTBASE.dll
0x00007ff8a6160000 - 0x00007ff8a619d000 	C:\Windows\SYSTEM32\IPHLPAPI.DLL
0x00007ff8a9540000 - 0x00007ff8a9548000 	C:\Windows\System32\NSI.dll
0x00007ff89a060000 - 0x00007ff89a076000 	C:\Windows\SYSTEM32\dhcpcsvc6.DLL
0x00007ff89a040000 - 0x00007ff89a05c000 	C:\Windows\SYSTEM32\dhcpcsvc.DLL
0x00007ff8a61a0000 - 0x00007ff8a6266000 	C:\Windows\SYSTEM32\DNSAPI.dll
0x00007ff891720000 - 0x00007ff891729000 	E:\Android studio\jbr\bin\extnet.dll
0x00007ff8a1be0000 - 0x00007ff8a1be7000 	C:\Windows\system32\wshunix.dll

dbghelp: loaded successfully - version: 4.0.5 - missing functions: none
symbol engine: initialized successfully - sym options: 0x614 - pdb path: .;E:\Android studio\jbr\bin;C:\Windows\SYSTEM32;C:\Windows\WinSxS\amd64_microsoft.windows.common-controls_6595b64144ccf1df_6.0.17763.6293_none_de76a9f2534660ca;E:\Android studio\jbr\bin\server;C:\Users\Thang\.gradle\native\c067742578af261105cb4f569cf0c3c89f3d7b1fecec35dd04571415982c5e48\windows-amd64;C:\Users\Thang\.gradle\native\38dada09dfb8b06ba9b0570ebf7e218e3eb74d4ef43ca46872605cf95ebc2f47\windows-amd64

VM Arguments:
jvm_args: --add-opens=java.base/java.util=ALL-UNNAMED --add-opens=java.base/java.lang=ALL-UNNAMED --add-opens=java.base/java.lang.invoke=ALL-UNNAMED --add-opens=java.prefs/java.util.prefs=ALL-UNNAMED --add-opens=java.base/java.nio.charset=ALL-UNNAMED --add-opens=java.base/java.net=ALL-UNNAMED --add-opens=java.base/java.util.concurrent.atomic=ALL-UNNAMED -Xmx2048m -Dfile.encoding=UTF-8 -Duser.country=US -Duser.language=en -Duser.variant -javaagent:C:\Users\Thang\.gradle\wrapper\dists\gradle-8.7-bin\bhs2wmbdwecv87pi65oeuq5iu\gradle-8.7\lib\agents\gradle-instrumentation-agent-8.7.jar 
java_command: org.gradle.launcher.daemon.bootstrap.GradleDaemon 8.7
java_class_path (initial): C:\Users\Thang\.gradle\wrapper\dists\gradle-8.7-bin\bhs2wmbdwecv87pi65oeuq5iu\gradle-8.7\lib\gradle-launcher-8.7.jar
Launcher Type: SUN_STANDARD

[Global flags]
     intx CICompilerCount                          = 3                                         {product} {ergonomic}
     uint ConcGCThreads                            = 1                                         {product} {ergonomic}
     uint G1ConcRefinementThreads                  = 4                                         {product} {ergonomic}
   size_t G1HeapRegionSize                         = 1048576                                   {product} {ergonomic}
    uintx GCDrainStackTargetSize                   = 64                                        {product} {ergonomic}
   size_t InitialHeapSize                          = 132120576                                 {product} {ergonomic}
   size_t MarkStackSize                            = 4194304                                   {product} {ergonomic}
   size_t MaxHeapSize                              = 2147483648                                {product} {command line}
   size_t MaxNewSize                               = 1287651328                                {product} {ergonomic}
   size_t MinHeapDeltaBytes                        = 1048576                                   {product} {ergonomic}
   size_t MinHeapSize                              = 8388608                                   {product} {ergonomic}
    uintx NonNMethodCodeHeapSize                   = 5832780                                {pd product} {ergonomic}
    uintx NonProfiledCodeHeapSize                  = 122912730                              {pd product} {ergonomic}
    uintx ProfiledCodeHeapSize                     = 122912730                              {pd product} {ergonomic}
    uintx ReservedCodeCacheSize                    = 251658240                              {pd product} {ergonomic}
     bool SegmentedCodeCache                       = true                                      {product} {ergonomic}
   size_t SoftMaxHeapSize                          = 2147483648                             {manageable} {ergonomic}
     bool UseCompressedClassPointers               = true                           {product lp64_product} {ergonomic}
     bool UseCompressedOops                        = true                           {product lp64_product} {ergonomic}
     bool UseG1GC                                  = true                                      {product} {ergonomic}
     bool UseLargePagesIndividualAllocation        = false                                  {pd product} {ergonomic}

Logging:
Log output configuration:
 #0: stdout all=warning uptime,level,tags
 #1: stderr all=off uptime,level,tags

Environment Variables:
PATH=C:\Program Files\Zulu\zulu-21\bin\;C:\Program Files\Common Files\Oracle\Java\javapath;C:\Program Files (x86)\Common Files\Oracle\Java\javapath;C:\Windows\system32;C:\Windows;C:\Windows\System32\Wbem;C:\Windows\System32\WindowsPowerShell\v1.0\;C:\Windows\System32\OpenSSH\;C:\Program Files\Intel\WiFi\bin\;C:\Program Files\Common Files\Intel\WirelessCommon\;C:\Program Files\Microsoft SQL Server\Client SDK\ODBC\170\Tools\Binn\;C:\Program Files (x86)\Microsoft SQL Server\150\Tools\Binn\;C:\Program Files\Microsoft SQL Server\150\Tools\Binn\;C:\Program Files\Microsoft SQL Server\150\DTS\Binn\;C:\Program Files (x86)\Microsoft SQL Server\150\DTS\Binn\;C:\Program Files\Git\cmd;C:\xampp\php;C:\ProgramData\ComposerSetup\bin;C:\Program Files\dotnet\;C:\Program Files\Cloudflare\Cloudflare WARP\;C:\Program Files\nodejs\;C:\Users\Thang\scoop\shims;C:\Users\Thang\.cargo\bin;C:\Users\Thang\AppData\Local\Microsoft\WindowsApps;C:\Users\Thang\.dotnet\tools;C:\Program Files\Azure Data Studio\bin;C:\Users\Thang\AppData\Local\Programs\Microsoft VS Code\bin;C:\Users\Thang\AppData\Roaming\Composer\vendor\bin;C:\Users\Thang\AppData\Local\GitHubDesktop\bin;C:\Users\Thang\.dotnet\tools;C:\Users\Thang\AppData\Roaming\npm;C:\Users\Thang\AppData\Local\Android\Sdk\platform-tools
USERNAME=Thang
OS=Windows_NT
PROCESSOR_IDENTIFIER=Intel64 Family 6 Model 142 Stepping 11, GenuineIntel
TMP=C:\Users\Thang\AppData\Local\Temp
TEMP=C:\Users\Thang\AppData\Local\Temp



Periodic native trim disabled

JNI global refs:
JNI global refs: 23, weak refs: 5

JNI global refs memory usage: 843, weak refs: 841

Process memory usage:
Resident Set Size: 254116K (3% of 8237868K total physical memory with 422224K free physical memory)

OOME stack traces (most recent first):
Classloader memory used:
Loader org.gradle.internal.classloader.VisitableURLClassLoader                         : 3007K
Loader bootstrap                                                                       : 2352K
Loader org.gradle.initialization.MixInLegacyTypesClassLoader                           : 792K
Loader jdk.internal.loader.ClassLoaders$PlatformClassLoader                            : 65658B
Loader jdk.internal.loader.ClassLoaders$AppClassLoader                                 : 28714B
Loader jdk.internal.reflect.DelegatingClassLoader                                      : 4327B
Loader org.gradle.internal.classloader.VisitableURLClassLoader                         : 3731B

Classes loaded by more than one classloader:
Class org.gradle.internal.installation.GradleInstallation                             : loaded 2 times (x 73B)
Class org.gradle.internal.classpath.ClassPath                                         : loaded 2 times (x 68B)
Class org.gradle.api.internal.classpath.DefaultModuleRegistry                         : loaded 2 times (x 84B)
Class Settings_gradle$1$1                                                             : loaded 2 times (x 72B)
Class org.gradle.api.Action                                                           : loaded 2 times (x 68B)
Class org.gradle.api.internal.DefaultClassPathProvider                                : loaded 2 times (x 74B)
Class org.gradle.internal.installation.GradleInstallation$1                           : loaded 2 times (x 73B)
Class org.gradle.internal.classloader.FilteringClassLoader                            : loaded 2 times (x 103B)
Class org.gradle.internal.classpath.DefaultClassPath$ImmutableUniqueList$Builder      : loaded 2 times (x 73B)
Class org.gradle.internal.classloader.ClassLoaderVisitor                              : loaded 2 times (x 74B)
Class org.gradle.internal.service.DefaultServiceLocator                               : loaded 2 times (x 81B)
Class org.gradle.internal.service.UnknownServiceException                             : loaded 2 times (x 81B)
Class org.gradle.internal.classloader.DefaultClassLoaderFactory                       : loaded 2 times (x 80B)
Class org.gradle.internal.classloader.VisitableURLClassLoader$Spec                    : loaded 2 times (x 72B)
Class org.gradle.api.GradleException                                                  : loaded 2 times (x 80B)
Class org.gradle.api.internal.classpath.ModuleRegistry                                : loaded 2 times (x 68B)
Class org.gradle.api.internal.ClassPathProvider                                       : loaded 2 times (x 68B)
Class org.gradle.internal.classloader.ClasspathUtil$1                                 : loaded 2 times (x 74B)
Class org.gradle.internal.classloader.ClassLoaderFactory                              : loaded 2 times (x 68B)
Class org.gradle.api.internal.classpath.ManifestUtil                                  : loaded 2 times (x 69B)
Class org.gradle.api.specs.Spec                                                       : loaded 2 times (x 68B)
Class org.gradle.internal.IoActions                                                   : loaded 2 times (x 69B)
Class org.gradle.api.internal.classpath.EffectiveClassPath                            : loaded 2 times (x 88B)
Class org.gradle.internal.installation.CurrentGradleInstallation                      : loaded 2 times (x 71B)
Class org.gradle.internal.agents.InstrumentingClassLoader                             : loaded 2 times (x 68B)
Class org.gradle.internal.installation.CurrentGradleInstallationLocator               : loaded 2 times (x 69B)
Class org.gradle.api.internal.classpath.Module                                        : loaded 2 times (x 68B)
Class org.gradle.internal.service.CachingServiceLocator                               : loaded 2 times (x 80B)
Class org.gradle.internal.classpath.DefaultClassPath                                  : loaded 2 times (x 88B)
Class org.gradle.internal.classloader.SystemClassLoaderSpec                           : loaded 2 times (x 69B)
Class org.gradle.api.UncheckedIOException                                             : loaded 2 times (x 80B)
Class Program                                                                         : loaded 2 times (x 70B)
Class org.gradle.internal.classloader.ClasspathUtil                                   : loaded 2 times (x 69B)
Class org.gradle.api.internal.DefaultClassPathRegistry                                : loaded 2 times (x 74B)
Class org.gradle.api.internal.classpath.DefaultModuleRegistry$DefaultModule           : loaded 2 times (x 84B)
Class org.gradle.api.internal.classpath.UnknownModuleException                        : loaded 2 times (x 80B)
Class org.gradle.internal.service.ServiceLookupException                              : loaded 2 times (x 80B)
Class org.gradle.cache.GlobalCache                                                    : loaded 2 times (x 68B)
Class [Lorg.gradle.api.internal.ClassPathProvider;                                    : loaded 2 times (x 67B)
Class org.gradle.util.internal.GUtil                                                  : loaded 2 times (x 69B)
Class org.gradle.internal.classloader.ClassLoaderSpec                                 : loaded 2 times (x 69B)
Class org.gradle.internal.classloader.VisitableURLClassLoader                         : loaded 2 times (x 115B)
Class org.gradle.internal.Cast                                                        : loaded 2 times (x 69B)
Class org.gradle.api.internal.ClassPathRegistry                                       : loaded 2 times (x 68B)
Class org.gradle.internal.classloader.VisitableURLClassLoader$InstrumentingVisitableURLClassLoader: loaded 2 times (x 121B)
Class org.gradle.internal.classloader.ClassLoaderHierarchy                            : loaded 2 times (x 68B)
Class org.gradle.internal.InternalTransformer                                         : loaded 2 times (x 68B)
Class org.gradle.internal.service.ServiceLocator                                      : loaded 2 times (x 68B)
Class Settings_gradle$1                                                               : loaded 2 times (x 72B)
Class org.gradle.internal.classpath.DefaultClassPath$ImmutableUniqueList              : loaded 2 times (x 159B)
Class org.gradle.internal.classpath.TransformedClassPath                              : loaded 2 times (x 94B)
Class Settings_gradle                                                                 : loaded 2 times (x 126B)


---------------  S Y S T E M  ---------------

OS:
 Windows 10 , 64 bit Build 17763 (10.0.17763.6292)
OS uptime: 0 days 1:30 hours

CPU: total 4 (initial active 4) (2 cores per cpu, 2 threads per core) family 6 model 142 stepping 11 microcode 0xde, cx8, cmov, fxsr, ht, mmx, 3dnowpref, sse, sse2, sse3, ssse3, sse4.1, sse4.2, popcnt, lzcnt, tsc, tscinvbit, avx, avx2, aes, erms, clmul, bmi1, bmi2, adx, fma, vzeroupper, clflush, clflushopt
Processor Information for all 4 processors :
  Max Mhz: 2304, Current Mhz: 2103, Mhz Limit: 2096

Memory: 4k page, system-wide physical 8044M (412M free)
TotalPageFile size 16044M (AvailPageFile size 6M)
current process WorkingSet (physical memory assigned to process): 248M, peak: 250M
current process commit charge ("private bytes"): 278M, peak: 279M

vm_info: OpenJDK 64-Bit Server VM (17.0.11+0--11852314) for windows-amd64 JRE (17.0.11+0--11852314), built on May 16 2024 21:29:20 by "androidbuild" with MS VC++ 16.10 / 16.11 (VS2019)

END.
